#
# A fatal error has been detected by the Java Runtime Environment:
#
#  EXCEPTION_ACCESS_VIOLATION (0xc0000005) at pc=0x000000005de1f773, pid=18800, tid=0x0000000000004988
#
# JRE version: Java(TM) SE Runtime Environment (8.0_191-b12) (build 1.8.0_191-b12)
# Java VM: Java HotSpot(TM) 64-Bit Server VM (25.191-b12 mixed mode windows-amd64 compressed oops)
# Problematic frame:
# V  [jvm.dll+0x13f773]
#
# Failed to write core dump. Minidumps are not enabled by default on client versions of Windows
#
# If you would like to submit a bug report, please visit:
#   http://bugreport.java.com/bugreport/crash.jsp
#

---------------  T H R E A D  ---------------

Current thread (0x0000000019443800):  JavaThread "AWT-EventQueue-0" [_thread_in_vm, id=18824, stack(0x000000001a820000,0x000000001a920000)]

siginfo: ExceptionCode=0xc0000005, reading address 0x00000002ef92e7e8

Registers:
RAX=0x0000000000000000, RBX=0x0000000019443800, RCX=0x0000000000000003, RDX=0x00000002ef92e780
RSP=0x000000001a91c340, RBP=0x000000001a91c490, RSI=0x00000000194439f8, RDI=0x0000000019443800
R8 =0xffff8001500d2ef0, R9 =0x00007ffeaff2d13f, R10=0x000000000000002f, R11=0x000000000000002f
R12=0x000000001a91c6c8, R13=0x0000000000000000, R14=0x000000001a91c6c0, R15=0x0000000000000000
RIP=0x000000005de1f773, EFLAGS=0x0000000000010202

Top of Stack: (sp=0x000000001a91c340)
0x000000001a91c340:   00007ffeaff2d110 0000000019443800
0x000000001a91c350:   000000001a91c490 0000000000000000
0x000000001a91c360:   0000000019443800 0000000000000000
0x000000001a91c370:   0000000000000000 0000000000000000
0x000000001a91c380:   0000000019194ec0 00007ffeaff06777
0x000000001a91c390:   00000000194439f8 000000001a91c490
0x000000001a91c3a0:   0000000019443800 00000000030d1397
0x000000001a91c3b0:   00000000030d16a0 0000000000000000
0x000000001a91c3c0:   0000000000000000 0000000000000000
0x000000001a91c3d0:   00000000030d12a0 0000000017010000
0x000000001a91c3e0:   000000001a91c340 0000000000000000
0x000000001a91c3f0:   0000000000000000 0000000000000000
0x000000001a91c400:   0000000000000000 0000000000000000
0x000000001a91c410:   0000000000000000 0000000000000000
0x000000001a91c420:   000000001a91c690 0000000000000000
0x000000001a91c430:   000000001a91c6a8 000000001a91c6a0 

Instructions: (pc=0x000000005de1f773)
0x000000005de1f753:   00 00 48 8b 17 74 15 8b 52 08 8b 0d 05 81 66 00
0x000000005de1f763:   48 d3 e2 48 03 15 f3 80 66 00 eb 04 48 8b 52 08
0x000000005de1f773:   48 8b 52 68 48 8b ce e8 c1 81 0d 00 48 83 7c 24
0x000000005de1f783:   28 00 48 8b f0 74 0a 48 8d 4c 24 20 e8 9c e6 13 


Register to memory mapping:

RAX=0x0000000000000000 is an unknown value
RBX=0x0000000019443800 is a thread
RCX=0x0000000000000003 is an unknown value
RDX=0x00000002ef92e780 is an unknown value
RSP=0x000000001a91c340 is pointing into the stack for thread: 0x0000000019443800
RBP=0x000000001a91c490 is pointing into the stack for thread: 0x0000000019443800
RSI=0x00000000194439f8 is an unknown value
RDI=0x0000000019443800 is a thread
R8 =0xffff8001500d2ef0 is an unknown value
R9 =0x00007ffeaff2d13f is an unknown value
R10=0x000000000000002f is an unknown value
R11=0x000000000000002f is an unknown value
R12=0x000000001a91c6c8 is pointing into the stack for thread: 0x0000000019443800
R13=0x0000000000000000 is an unknown value
R14=0x000000001a91c6c0 is pointing into the stack for thread: 0x0000000019443800
R15=0x0000000000000000 is an unknown value


Stack: [0x000000001a820000,0x000000001a920000],  sp=0x000000001a91c340,  free space=1008k
Native frames: (J=compiled Java code, j=interpreted, Vv=VM code, C=native code)
V  [jvm.dll+0x13f773]
C  [sqljdbc_auth.dll+0x6777]
C  0x0000000003088627

Java frames: (J=compiled Java code, j=interpreted, Vv=VM code)
j  com.microsoft.sqlserver.jdbc.AuthenticationJNI.SNISecGenClientContext([B[I[BI[B[I[ZLjava/lang/String;Ljava/lang/String;Ljava/lang/String;Ljava/util/logging/Logger;)I+0
j  com.microsoft.sqlserver.jdbc.AuthenticationJNI.GenerateClientContext([BI[B[I[Z)I+24
j  com.microsoft.sqlserver.jdbc.SQLServerConnection.SSPIData([B[B[I[ZLcom/microsoft/sqlserver/jdbc/AuthenticationJNI;)V+13
j  com.microsoft.sqlserver.jdbc.SQLServerConnection.sendLogon(Lcom/microsoft/sqlserver/jdbc/SQLServerConnection$LogonCommand;Lcom/microsoft/sqlserver/jdbc/AuthenticationJNI;)V+155
j  com.microsoft.sqlserver.jdbc.SQLServerConnection.logon(Lcom/microsoft/sqlserver/jdbc/SQLServerConnection$LogonCommand;)V+20
j  com.microsoft.sqlserver.jdbc.SQLServerConnection.access$000(Lcom/microsoft/sqlserver/jdbc/SQLServerConnection;Lcom/microsoft/sqlserver/jdbc/SQLServerConnection$LogonCommand;)V+2
j  com.microsoft.sqlserver.jdbc.SQLServerConnection$LogonCommand.doExecute()Z+5
j  com.microsoft.sqlserver.jdbc.TDSCommand.execute(Lcom/microsoft/sqlserver/jdbc/TDSWriter;Lcom/microsoft/sqlserver/jdbc/TDSReader;)Z+11
j  com.microsoft.sqlserver.jdbc.SQLServerConnection.executeCommand(Lcom/microsoft/sqlserver/jdbc/TDSCommand;)Z+37
j  com.microsoft.sqlserver.jdbc.SQLServerConnection.connectHelper(Ljava/lang/String;III)V+250
j  com.microsoft.sqlserver.jdbc.SQLServerConnection.loginWithoutFailover(Ljava/lang/String;Ljava/lang/String;IIJ)V+270
j  com.microsoft.sqlserver.jdbc.SQLServerConnection.connect(Ljava/util/Properties;Lcom/microsoft/sqlserver/jdbc/SQLServerPooledConnection;)Ljava/sql/Connection;+2276
j  com.microsoft.sqlserver.jdbc.SQLServerDriver.connect(Ljava/lang/String;Ljava/util/Properties;)Ljava/sql/Connection;+50
j  java.sql.DriverManager.getConnection(Ljava/lang/String;Ljava/util/Properties;Ljava/lang/Class;)Ljava/sql/Connection;+171
j  java.sql.DriverManager.getConnection(Ljava/lang/String;)Ljava/sql/Connection;+13
j  Clases.Conexion.Conectar()Ljava/sql/Connection;+10
j  ClaseLogin.Metodos.<init>()V+27
j  Formularios.Login.login.btnIngresarActionPerformed(Ljava/awt/event/ActionEvent;)V+4
j  Formularios.Login.login.access$300(LFormularios/Login/login;Ljava/awt/event/ActionEvent;)V+2
j  Formularios.Login.login$4.actionPerformed(Ljava/awt/event/ActionEvent;)V+5
j  javax.swing.AbstractButton.fireActionPerformed(Ljava/awt/event/ActionEvent;)V+83
j  javax.swing.AbstractButton$Handler.actionPerformed(Ljava/awt/event/ActionEvent;)V+5
j  javax.swing.DefaultButtonModel.fireActionPerformed(Ljava/awt/event/ActionEvent;)V+34
j  javax.swing.DefaultButtonModel.setPressed(Z)V+117
j  javax.swing.plaf.basic.BasicButtonListener.mouseReleased(Ljava/awt/event/MouseEvent;)V+35
j  java.awt.AWTEventMulticaster.mouseReleased(Ljava/awt/event/MouseEvent;)V+8
j  java.awt.Component.processMouseEvent(Ljava/awt/event/MouseEvent;)V+64
j  javax.swing.JComponent.processMouseEvent(Ljava/awt/event/MouseEvent;)V+23
j  java.awt.Component.processEvent(Ljava/awt/AWTEvent;)V+81
j  java.awt.Container.processEvent(Ljava/awt/AWTEvent;)V+18
j  java.awt.Component.dispatchEventImpl(Ljava/awt/AWTEvent;)V+589
j  java.awt.Container.dispatchEventImpl(Ljava/awt/AWTEvent;)V+42
j  java.awt.Component.dispatchEvent(Ljava/awt/AWTEvent;)V+2
j  java.awt.LightweightDispatcher.retargetMouseEvent(Ljava/awt/Component;ILjava/awt/event/MouseEvent;)V+349
j  java.awt.LightweightDispatcher.processMouseEvent(Ljava/awt/event/MouseEvent;)Z+155
j  java.awt.LightweightDispatcher.dispatchEvent(Ljava/awt/AWTEvent;)Z+50
j  java.awt.Container.dispatchEventImpl(Ljava/awt/AWTEvent;)V+12
j  java.awt.Window.dispatchEventImpl(Ljava/awt/AWTEvent;)V+19
j  java.awt.Component.dispatchEvent(Ljava/awt/AWTEvent;)V+2
j  java.awt.EventQueue.dispatchEventImpl(Ljava/awt/AWTEvent;Ljava/lang/Object;)V+41
j  java.awt.EventQueue.access$500(Ljava/awt/EventQueue;Ljava/awt/AWTEvent;Ljava/lang/Object;)V+3
j  java.awt.EventQueue$3.run()Ljava/lang/Void;+32
j  java.awt.EventQueue$3.run()Ljava/lang/Object;+1
v  ~StubRoutines::call_stub
J 468  java.security.AccessController.doPrivileged(Ljava/security/PrivilegedAction;Ljava/security/AccessControlContext;)Ljava/lang/Object; (0 bytes) @ 0x00000000032866e6 [0x0000000003286680+0x66]
J 837 C1 java.security.ProtectionDomain$JavaSecurityAccessImpl.doIntersectionPrivilege(Ljava/security/PrivilegedAction;Ljava/security/AccessControlContext;Ljava/security/AccessControlContext;)Ljava/lang/Object; (22 bytes) @ 0x0000000003374b2c [0x00000000033746c0+0x46c]
j  java.security.ProtectionDomain$JavaSecurityAccessImpl.doIntersectionPrivilege(Ljava/security/PrivilegedAction;Ljava/security/AccessControlContext;)Ljava/lang/Object;+6
j  java.awt.EventQueue$4.run()Ljava/lang/Void;+11
j  java.awt.EventQueue$4.run()Ljava/lang/Object;+1
v  ~StubRoutines::call_stub
J 468  java.security.AccessController.doPrivileged(Ljava/security/PrivilegedAction;Ljava/security/AccessControlContext;)Ljava/lang/Object; (0 bytes) @ 0x00000000032866e6 [0x0000000003286680+0x66]
J 837 C1 java.security.ProtectionDomain$JavaSecurityAccessImpl.doIntersectionPrivilege(Ljava/security/PrivilegedAction;Ljava/security/AccessControlContext;Ljava/security/AccessControlContext;)Ljava/lang/Object; (22 bytes) @ 0x0000000003374b2c [0x00000000033746c0+0x46c]
j  java.awt.EventQueue.dispatchEvent(Ljava/awt/AWTEvent;)V+73
j  java.awt.EventDispatchThread.pumpOneEventForFilters(I)V+140
j  java.awt.EventDispatchThread.pumpEventsForFilter(ILjava/awt/Conditional;Ljava/awt/EventFilter;)V+35
j  java.awt.EventDispatchThread.pumpEventsForHierarchy(ILjava/awt/Conditional;Ljava/awt/Component;)V+11
j  java.awt.EventDispatchThread.pumpEvents(ILjava/awt/Conditional;)V+4
j  java.awt.EventDispatchThread.pumpEvents(Ljava/awt/Conditional;)V+3
j  java.awt.EventDispatchThread.run()V+9
v  ~StubRoutines::call_stub

---------------  P R O C E S S  ---------------

Java Threads: ( => current thread )
  0x0000000019b0c000 JavaThread "D3D Screen Updater" daemon [_thread_blocked, id=4988, stack(0x00000000203e0000,0x00000000204e0000)]
  0x0000000002eb2800 JavaThread "DestroyJavaVM" [_thread_blocked, id=17824, stack(0x0000000002d20000,0x0000000002e20000)]
=>0x0000000019443800 JavaThread "AWT-EventQueue-0" [_thread_in_vm, id=18824, stack(0x000000001a820000,0x000000001a920000)]
  0x0000000019437800 JavaThread "AWT-Windows" daemon [_thread_in_native, id=13420, stack(0x000000001a190000,0x000000001a290000)]
  0x0000000019435000 JavaThread "AWT-Shutdown" [_thread_blocked, id=9668, stack(0x000000001a090000,0x000000001a190000)]
  0x0000000019434000 JavaThread "Java2D Disposer" daemon [_thread_blocked, id=12920, stack(0x0000000019f90000,0x000000001a090000)]
  0x000000001774b000 JavaThread "Service Thread" daemon [_thread_blocked, id=14840, stack(0x0000000019450000,0x0000000019550000)]
  0x000000001773c800 JavaThread "C1 CompilerThread2" daemon [_thread_blocked, id=1532, stack(0x0000000018f50000,0x0000000019050000)]
  0x00000000176f8800 JavaThread "C2 CompilerThread1" daemon [_thread_blocked, id=17836, stack(0x0000000018e50000,0x0000000018f50000)]
  0x00000000176f5800 JavaThread "C2 CompilerThread0" daemon [_thread_blocked, id=13440, stack(0x0000000018d50000,0x0000000018e50000)]
  0x00000000176f3800 JavaThread "Attach Listener" daemon [_thread_blocked, id=10128, stack(0x0000000018c50000,0x0000000018d50000)]
  0x00000000176f2000 JavaThread "Signal Dispatcher" daemon [_thread_blocked, id=4408, stack(0x0000000018b50000,0x0000000018c50000)]
  0x0000000002fab000 JavaThread "Finalizer" daemon [_thread_blocked, id=12012, stack(0x0000000018960000,0x0000000018a60000)]
  0x0000000002fa2000 JavaThread "Reference Handler" daemon [_thread_blocked, id=1012, stack(0x0000000018860000,0x0000000018960000)]

Other Threads:
  0x00000000176b7800 VMThread [stack: 0x0000000018760000,0x0000000018860000] [id=10840]
  0x0000000019072800 WatcherThread [stack: 0x0000000019550000,0x0000000019650000] [id=1632]

VM state:not at safepoint (normal execution)

VM Mutex/Monitor currently owned by a thread: None

Heap:
 PSYoungGen      total 35840K, used 7454K [0x00000000d8980000, 0x00000000db180000, 0x0000000100000000)
  eden space 30720K, 7% used [0x00000000d8980000,0x00000000d8bce060,0x00000000da780000)
  from space 5120K, 99% used [0x00000000da780000,0x00000000dac797a8,0x00000000dac80000)
  to   space 5120K, 0% used [0x00000000dac80000,0x00000000dac80000,0x00000000db180000)
 ParOldGen       total 81920K, used 1830K [0x0000000089c00000, 0x000000008ec00000, 0x00000000d8980000)
  object space 81920K, 2% used [0x0000000089c00000,0x0000000089dc9958,0x000000008ec00000)
 Metaspace       used 17017K, capacity 17356K, committed 17536K, reserved 1064960K
  class space    used 2071K, capacity 2144K, committed 2176K, reserved 1048576K

Card table byte_map: [0x0000000012430000,0x00000000127f0000] byte_map_base: 0x0000000011fe2000

Marking Bits: (ParMarkBitMap*) 0x000000005e503e30
 Begin Bits: [0x0000000012e70000, 0x0000000014c00000)
 End Bits:   [0x0000000014c00000, 0x0000000016990000)

Polling page: 0x0000000002e20000

CodeCache: size=245760Kb used=4975Kb max_used=5006Kb free=240784Kb
 bounds [0x0000000003070000, 0x0000000003560000, 0x0000000012070000]
 total_blobs=2128 nmethods=1561 adapters=480
 compilation: enabled

Compilation events (10 events):
Event: 7.011 Thread 0x000000001773c800 1557       1       sun.misc.URLClassPath$Loader::getBaseURL (5 bytes)
Event: 7.011 Thread 0x000000001773c800 nmethod 1557 0x0000000003537e10 code [0x0000000003537f60, 0x0000000003538070]
Event: 7.021 Thread 0x000000001773c800 1558       3       com.sun.crypto.provider.AESCrypt::mul4 (181 bytes)
Event: 7.022 Thread 0x000000001773c800 nmethod 1558 0x0000000003540090 code [0x00000000035402a0, 0x0000000003540cd0]
Event: 7.026 Thread 0x00000000176f8800 1559       4       java.lang.String::endsWith (17 bytes)
Event: 7.030 Thread 0x00000000176f8800 nmethod 1559 0x0000000003544310 code [0x0000000003544460, 0x0000000003544618]
Event: 7.031 Thread 0x000000001773c800 1560       1       java.util.LinkedList::size (5 bytes)
Event: 7.031 Thread 0x000000001773c800 nmethod 1560 0x0000000003544050 code [0x00000000035441a0, 0x00000000035442b0]
Event: 7.034 Thread 0x000000001773c800 1561       1       java.util.logging.Level::intValue (5 bytes)
Event: 7.034 Thread 0x000000001773c800 nmethod 1561 0x0000000003543d90 code [0x0000000003543ee0, 0x0000000003543ff0]

GC Heap History (2 events):
Event: 6.917 GC heap before
{Heap before GC invocations=1 (full 0):
 PSYoungGen      total 35840K, used 30720K [0x00000000d8980000, 0x00000000db180000, 0x0000000100000000)
  eden space 30720K, 100% used [0x00000000d8980000,0x00000000da780000,0x00000000da780000)
  from space 5120K, 0% used [0x00000000dac80000,0x00000000dac80000,0x00000000db180000)
  to   space 5120K, 0% used [0x00000000da780000,0x00000000da780000,0x00000000dac80000)
 ParOldGen       total 81920K, used 0K [0x0000000089c00000, 0x000000008ec00000, 0x00000000d8980000)
  object space 81920K, 0% used [0x0000000089c00000,0x0000000089c00000,0x000000008ec00000)
 Metaspace       used 16589K, capacity 16940K, committed 17280K, reserved 1064960K
  class space    used 2020K, capacity 2112K, committed 2176K, reserved 1048576K
Event: 6.938 GC heap after
Heap after GC invocations=1 (full 0):
 PSYoungGen      total 35840K, used 5093K [0x00000000d8980000, 0x00000000db180000, 0x0000000100000000)
  eden space 30720K, 0% used [0x00000000d8980000,0x00000000d8980000,0x00000000da780000)
  from space 5120K, 99% used [0x00000000da780000,0x00000000dac797a8,0x00000000dac80000)
  to   space 5120K, 0% used [0x00000000dac80000,0x00000000dac80000,0x00000000db180000)
 ParOldGen       total 81920K, used 1830K [0x0000000089c00000, 0x000000008ec00000, 0x00000000d8980000)
  object space 81920K, 2% used [0x0000000089c00000,0x0000000089dc9958,0x000000008ec00000)
 Metaspace       used 16589K, capacity 16940K, committed 17280K, reserved 1064960K
  class space    used 2020K, capacity 2112K, committed 2176K, reserved 1048576K
}

Deoptimization events (10 events):
Event: 5.345 Thread 0x0000000019443800 Uncommon trap: reason=unstable_if action=reinterpret pc=0x0000000003286e1c method=java.lang.String.indexOf([CII[CIII)I @ 3
Event: 5.667 Thread 0x0000000019443800 Uncommon trap: reason=class_check action=maybe_recompile pc=0x00000000033e2db0 method=java.util.HashMap.putVal(ILjava/lang/Object;Ljava/lang/Object;ZZ)Ljava/lang/Object; @ 253
Event: 5.667 Thread 0x0000000019443800 Uncommon trap: reason=class_check action=maybe_recompile pc=0x00000000033e2db0 method=java.util.HashMap.putVal(ILjava/lang/Object;Ljava/lang/Object;ZZ)Ljava/lang/Object; @ 253
Event: 5.667 Thread 0x0000000019443800 Uncommon trap: reason=class_check action=maybe_recompile pc=0x00000000033e2db0 method=java.util.HashMap.putVal(ILjava/lang/Object;Ljava/lang/Object;ZZ)Ljava/lang/Object; @ 253
Event: 5.667 Thread 0x0000000019443800 Uncommon trap: reason=class_check action=maybe_recompile pc=0x00000000033e2db0 method=java.util.HashMap.putVal(ILjava/lang/Object;Ljava/lang/Object;ZZ)Ljava/lang/Object; @ 253
Event: 5.667 Thread 0x0000000019443800 Uncommon trap: reason=class_check action=maybe_recompile pc=0x00000000033e3e98 method=java.util.HashMap.putVal(ILjava/lang/Object;Ljava/lang/Object;ZZ)Ljava/lang/Object; @ 253
Event: 5.695 Thread 0x0000000019443800 Uncommon trap: reason=class_check action=maybe_recompile pc=0x0000000003419d5c method=java.util.regex.Pattern$BmpCharProperty.match(Ljava/util/regex/Matcher;ILjava/lang/CharSequence;)Z @ 31
Event: 5.695 Thread 0x0000000019443800 Uncommon trap: reason=unstable_if action=reinterpret pc=0x0000000003419cf8 method=java.util.regex.Pattern$BmpCharProperty.match(Ljava/util/regex/Matcher;ILjava/lang/CharSequence;)Z @ 5
Event: 6.097 Thread 0x0000000019443800 Uncommon trap: reason=unstable_if action=reinterpret pc=0x0000000003319950 method=java.io.WinNTFileSystem.normalize(Ljava/lang/String;)Ljava/lang/String; @ 128
Event: 6.948 Thread 0x0000000019443800 Uncommon trap: reason=unstable_if action=reinterpret pc=0x00000000034fd6c0 method=java.lang.ref.SoftReference.get()Ljava/lang/Object; @ 17

Classes redefined (0 events):
No events

Internal exceptions (10 events):
Event: 1.449 Thread 0x0000000002eb2800 Exception <a 'java/lang/ClassNotFoundException': ToolBar> (0x00000000d8dbafe0) thrown at [C:\re\workspace\8-2-build-windows-amd64-cygwin\jdk8u191\11896\hotspot\src\share\vm\classfile\systemDictionary.cpp, line 210]
Event: 1.449 Thread 0x0000000002eb2800 Exception <a 'java/lang/ClassNotFoundException': ToggleButton> (0x00000000d8dbb590) thrown at [C:\re\workspace\8-2-build-windows-amd64-cygwin\jdk8u191\11896\hotspot\src\share\vm\classfile\systemDictionary.cpp, line 210]
Event: 1.449 Thread 0x0000000002eb2800 Exception <a 'java/lang/ClassNotFoundException': javax/swing/JToolBarSeparator> (0x00000000d8dbb9f0) thrown at [C:\re\workspace\8-2-build-windows-amd64-cygwin\jdk8u191\11896\hotspot\src\share\vm\classfile\systemDictionary.cpp, line 210]
Event: 1.449 Thread 0x0000000002eb2800 Exception <a 'java/lang/ClassNotFoundException': ToolBarSeparator> (0x00000000d8dbbe88) thrown at [C:\re\workspace\8-2-build-windows-amd64-cygwin\jdk8u191\11896\hotspot\src\share\vm\classfile\systemDictionary.cpp, line 210]
Event: 1.450 Thread 0x0000000002eb2800 Exception <a 'java/lang/ClassNotFoundException': ToolTip> (0x00000000d8dbc5c8) thrown at [C:\re\workspace\8-2-build-windows-amd64-cygwin\jdk8u191\11896\hotspot\src\share\vm\classfile\systemDictionary.cpp, line 210]
Event: 1.453 Thread 0x0000000002eb2800 Exception <a 'java/lang/ClassNotFoundException': Tree> (0x00000000d8dbd1e8) thrown at [C:\re\workspace\8-2-build-windows-amd64-cygwin\jdk8u191\11896\hotspot\src\share\vm\classfile\systemDictionary.cpp, line 210]
Event: 1.453 Thread 0x0000000002eb2800 Exception <a 'java/lang/ClassNotFoundException': Tree> (0x00000000d8dbd928) thrown at [C:\re\workspace\8-2-build-windows-amd64-cygwin\jdk8u191\11896\hotspot\src\share\vm\classfile\systemDictionary.cpp, line 210]
Event: 1.453 Thread 0x0000000002eb2800 Exception <a 'java/lang/ClassNotFoundException': javax/swing/JTreeCell> (0x00000000d8dbdca8) thrown at [C:\re\workspace\8-2-build-windows-amd64-cygwin\jdk8u191\11896\hotspot\src\share\vm\classfile\systemDictionary.cpp, line 210]
Event: 1.453 Thread 0x0000000002eb2800 Exception <a 'java/lang/ClassNotFoundException': TreeCell> (0x00000000d8dbe130) thrown at [C:\re\workspace\8-2-build-windows-amd64-cygwin\jdk8u191\11896\hotspot\src\share\vm\classfile\systemDictionary.cpp, line 210]
Event: 1.454 Thread 0x0000000002eb2800 Exception <a 'java/lang/ClassNotFoundException': RootPane> (0x00000000d8dbeb90) thrown at [C:\re\workspace\8-2-build-windows-amd64-cygwin\jdk8u191\11896\hotspot\src\share\vm\classfile\systemDictionary.cpp, line 210]

Events (10 events):
Event: 7.030 loading class javax/crypto/MacSpi done
Event: 7.034 loading class sun/security/ssl/CipherBox$1
Event: 7.034 loading class sun/security/ssl/CipherBox$1 done
Event: 7.035 loading class com/microsoft/sqlserver/jdbc/TDSCommand$1AttentionAckHandler
Event: 7.035 loading class com/microsoft/sqlserver/jdbc/TDSCommand$1AttentionAckHandler done
Event: 7.036 loading class com/microsoft/sqlserver/jdbc/AuthenticationJNI
Event: 7.036 loading class com/microsoft/sqlserver/jdbc/AuthenticationJNI done
Event: 7.038 loading class java/lang/ClassLoaderHelper
Event: 7.039 loading class java/lang/ClassLoaderHelper done
Event: 7.096 Thread 0x00000000198d2800 Thread exited: 0x00000000198d2800


Dynamic libraries:
0x00007ff6d37c0000 - 0x00007ff6d37f7000 	C:\Program Files\Java\jdk1.8.0_191\bin\java.exe
0x00007ffebbb40000 - 0x00007ffebbd21000 	C:\WINDOWS\SYSTEM32\ntdll.dll
0x00007ffeb0a80000 - 0x00007ffeb0a92000 	C:\Program Files\AVAST Software\Avast\aswhook.dll
0x00007ffebb130000 - 0x00007ffebb1e1000 	C:\WINDOWS\System32\KERNEL32.DLL
0x00007ffeb7f10000 - 0x00007ffeb8183000 	C:\WINDOWS\System32\KERNELBASE.dll
0x00007ffebaa70000 - 0x00007ffebab11000 	C:\WINDOWS\System32\ADVAPI32.dll
0x00007ffebab80000 - 0x00007ffebac1e000 	C:\WINDOWS\System32\msvcrt.dll
0x00007ffebb550000 - 0x00007ffebb5ab000 	C:\WINDOWS\System32\sechost.dll
0x00007ffebb8f0000 - 0x00007ffebba14000 	C:\WINDOWS\System32\RPCRT4.dll
0x00007ffebb220000 - 0x00007ffebb3b0000 	C:\WINDOWS\System32\USER32.dll
0x00007ffeb8190000 - 0x00007ffeb81b0000 	C:\WINDOWS\System32\win32u.dll
0x00007ffebac30000 - 0x00007ffebac58000 	C:\WINDOWS\System32\GDI32.dll
0x00007ffeb86a0000 - 0x00007ffeb8831000 	C:\WINDOWS\System32\gdi32full.dll
0x00007ffeb85a0000 - 0x00007ffeb863f000 	C:\WINDOWS\System32\msvcp_win.dll
0x00007ffeb84a0000 - 0x00007ffeb8598000 	C:\WINDOWS\System32\ucrtbase.dll
0x00007ffea5da0000 - 0x00007ffea6009000 	C:\WINDOWS\WinSxS\amd64_microsoft.windows.common-controls_6595b64144ccf1df_6.0.17134.885_none_fb42a3473065565f\COMCTL32.dll
0x00007ffebb5c0000 - 0x00007ffebb8e2000 	C:\WINDOWS\System32\combase.dll
0x00007ffeb8f50000 - 0x00007ffeb8fc9000 	C:\WINDOWS\System32\bcryptPrimitives.dll
0x00007ffebb1f0000 - 0x00007ffebb21d000 	C:\WINDOWS\System32\IMM32.DLL
0x0000000060310000 - 0x00000000603e2000 	C:\Program Files\Java\jdk1.8.0_191\jre\bin\msvcr100.dll
0x000000005dce0000 - 0x000000005e584000 	C:\Program Files\Java\jdk1.8.0_191\jre\bin\server\jvm.dll
0x00007ffebac20000 - 0x00007ffebac28000 	C:\WINDOWS\System32\PSAPI.DLL
0x00007ffeaa670000 - 0x00007ffeaa679000 	C:\WINDOWS\SYSTEM32\WSOCK32.dll
0x00007ffebba20000 - 0x00007ffebba8c000 	C:\WINDOWS\System32\WS2_32.dll
0x00007ffeb5ed0000 - 0x00007ffeb5ef3000 	C:\WINDOWS\SYSTEM32\WINMM.dll
0x00007ffeb3630000 - 0x00007ffeb363a000 	C:\WINDOWS\SYSTEM32\VERSION.dll
0x00007ffeb5db0000 - 0x00007ffeb5dda000 	C:\WINDOWS\SYSTEM32\WINMMBASE.dll
0x00007ffeb81b0000 - 0x00007ffeb81f9000 	C:\WINDOWS\System32\cfgmgr32.dll
0x0000000060af0000 - 0x0000000060aff000 	C:\Program Files\Java\jdk1.8.0_191\jre\bin\verify.dll
0x0000000060ac0000 - 0x0000000060ae9000 	C:\Program Files\Java\jdk1.8.0_191\jre\bin\java.dll
0x0000000060aa0000 - 0x0000000060ab6000 	C:\Program Files\Java\jdk1.8.0_191\jre\bin\zip.dll
0x00007ffeb94e0000 - 0x00007ffeba920000 	C:\WINDOWS\System32\SHELL32.dll
0x00007ffeba9c0000 - 0x00007ffebaa69000 	C:\WINDOWS\System32\shcore.dll
0x00007ffeb8840000 - 0x00007ffeb8f4d000 	C:\WINDOWS\System32\windows.storage.dll
0x00007ffeb93b0000 - 0x00007ffeb9401000 	C:\WINDOWS\System32\shlwapi.dll
0x00007ffeb7e70000 - 0x00007ffeb7e81000 	C:\WINDOWS\System32\kernel.appcore.dll
0x00007ffeb7e90000 - 0x00007ffeb7eaf000 	C:\WINDOWS\System32\profapi.dll
0x00007ffeb7ec0000 - 0x00007ffeb7f0c000 	C:\WINDOWS\System32\powrprof.dll
0x00007ffeb7eb0000 - 0x00007ffeb7eba000 	C:\WINDOWS\System32\FLTLIB.DLL
0x000000005db40000 - 0x000000005dcd9000 	C:\Program Files\Java\jdk1.8.0_191\jre\bin\awt.dll
0x00007ffeb9410000 - 0x00007ffeb94d2000 	C:\WINDOWS\System32\OLEAUT32.dll
0x00007ffeb5ff0000 - 0x00007ffeb607b000 	C:\WINDOWS\SYSTEM32\apphelp.dll
0x00007ffeb6270000 - 0x00007ffeb6308000 	C:\WINDOWS\system32\uxtheme.dll
0x00007ffeb9230000 - 0x00007ffeb93a3000 	C:\WINDOWS\System32\MSCTF.dll
0x00007ffeb65b0000 - 0x00007ffeb65d9000 	C:\WINDOWS\system32\dwmapi.dll
0x00007ffeb90d0000 - 0x00007ffeb9221000 	C:\WINDOWS\System32\ole32.dll
0x0000000060930000 - 0x0000000060977000 	C:\Program Files\Java\jdk1.8.0_191\jre\bin\fontmanager.dll
0x00007ffe651b0000 - 0x00007ffe652d0000 	C:\WINDOWS\system32\opengl32.dll
0x00007ffe8cba0000 - 0x00007ffe8cbcc000 	C:\WINDOWS\SYSTEM32\GLU32.dll
0x00007ffe56e70000 - 0x00007ffe57007000 	C:\WINDOWS\system32\d3d9.dll
0x00007ffeb3640000 - 0x00007ffeb37d6000 	C:\WINDOWS\System32\DriverStore\FileRepository\c0322477.inf_amd64_8dc4e14518c1f5ea\aticfx64.dll
0x00007ffeaff50000 - 0x00007ffeaff82000 	C:\WINDOWS\System32\DriverStore\FileRepository\c0322477.inf_amd64_8dc4e14518c1f5ea\atiu9p64.dll
0x00007ffe456c0000 - 0x00007ffe45ff6000 	C:\WINDOWS\System32\DriverStore\FileRepository\c0322477.inf_amd64_8dc4e14518c1f5ea\atiumd64.dll
0x000000005f490000 - 0x00000000602b7000 	C:\WINDOWS\System32\DriverStore\FileRepository\c0322477.inf_amd64_8dc4e14518c1f5ea\atiumd6a.dll
0x00007ffeba920000 - 0x00007ffeba9c0000 	C:\WINDOWS\System32\clbcatq.dll
0x00007ffeb3f70000 - 0x00007ffeb411e000 	C:\WINDOWS\SYSTEM32\WindowsCodecs.dll
0x00007ffeb0140000 - 0x00007ffeb0198000 	C:\WINDOWS\system32\dataexchange.dll
0x00007ffeb4bc0000 - 0x00007ffeb4ecb000 	C:\WINDOWS\system32\d3d11.dll
0x00007ffeb5560000 - 0x00007ffeb56fc000 	C:\WINDOWS\system32\dcomp.dll
0x00007ffeb6c20000 - 0x00007ffeb6cdb000 	C:\WINDOWS\system32\dxgi.dll
0x00007ffeb63f0000 - 0x00007ffeb65a8000 	C:\WINDOWS\system32\twinapi.appcore.dll
0x00007ffeb6330000 - 0x00007ffeb6351000 	C:\WINDOWS\system32\RMCLIENT.dll
0x0000000060a80000 - 0x0000000060a9a000 	C:\Program Files\Java\jdk1.8.0_191\jre\bin\net.dll
0x00007ffeb7670000 - 0x00007ffeb76d6000 	C:\WINDOWS\system32\mswsock.dll
0x0000000060a60000 - 0x0000000060a71000 	C:\Program Files\Java\jdk1.8.0_191\jre\bin\nio.dll
0x00000000602c0000 - 0x0000000060302000 	C:\Program Files\Java\jdk1.8.0_191\jre\bin\t2k.dll
0x000000005db10000 - 0x000000005db3a000 	C:\Program Files\Java\jdk1.8.0_191\jre\bin\dcpr.dll
0x00007ffeb2e70000 - 0x00007ffeb2f06000 	C:\WINDOWS\System32\TextInputFramework.dll
0x00007ffeb3ac0000 - 0x00007ffeb3dde000 	C:\WINDOWS\System32\CoreUIComponents.dll
0x00007ffeb5800000 - 0x00007ffeb58da000 	C:\WINDOWS\System32\CoreMessaging.dll
0x00007ffeb6f80000 - 0x00007ffeb6fb1000 	C:\WINDOWS\SYSTEM32\ntmarta.dll
0x00007ffeb3900000 - 0x00007ffeb3a4d000 	C:\WINDOWS\SYSTEM32\wintypes.dll
0x00007ffeb7450000 - 0x00007ffeb750e000 	C:\WINDOWS\SYSTEM32\DNSAPI.dll
0x00007ffebb5b0000 - 0x00007ffebb5b8000 	C:\WINDOWS\System32\NSI.dll
0x00007ffeb7400000 - 0x00007ffeb7438000 	C:\WINDOWS\SYSTEM32\IPHLPAPI.DLL
0x00007ffea9120000 - 0x00007ffea912a000 	C:\Windows\System32\rasadhlp.dll
0x00007ffeaacd0000 - 0x00007ffeaad42000 	C:\WINDOWS\System32\fwpuclnt.dll
0x00007ffeb7950000 - 0x00007ffeb7975000 	C:\WINDOWS\SYSTEM32\bcrypt.dll
0x0000000060800000 - 0x0000000060824000 	C:\Program Files\Java\jdk1.8.0_191\jre\bin\sunec.dll
0x00007ffead020000 - 0x00007ffead036000 	C:\WINDOWS\SYSTEM32\dhcpcsvc6.DLL
0x00007ffead460000 - 0x00007ffead47a000 	C:\WINDOWS\SYSTEM32\dhcpcsvc.DLL
0x00007ffeb7820000 - 0x00007ffeb7837000 	C:\WINDOWS\SYSTEM32\CRYPTSP.dll
0x00007ffeb7260000 - 0x00007ffeb7293000 	C:\WINDOWS\system32\rsaenh.dll
0x00007ffeb7d80000 - 0x00007ffeb7da8000 	C:\WINDOWS\SYSTEM32\USERENV.dll
0x00007ffeb7840000 - 0x00007ffeb784b000 	C:\WINDOWS\SYSTEM32\CRYPTBASE.dll
0x0000000060a40000 - 0x0000000060a4b000 	C:\Program Files\Java\jdk1.8.0_191\jre\bin\sunmscapi.dll
0x00007ffeb8200000 - 0x00007ffeb83e2000 	C:\WINDOWS\System32\CRYPT32.dll
0x00007ffeb7e50000 - 0x00007ffeb7e62000 	C:\WINDOWS\System32\MSASN1.dll
0x00007ffeaff00000 - 0x00007ffeaff4b000 	C:\Users\samue\Downloads\80_\Sistema de Facturacion Electronica\sqljdbc_auth.dll
0x00007ffea6160000 - 0x00007ffea616c000 	C:\WINDOWS\system32\secur32.dll
0x00007ffeb7d50000 - 0x00007ffeb7d80000 	C:\WINDOWS\SYSTEM32\SSPICLI.DLL
0x00007ffeb7730000 - 0x00007ffeb7819000 	C:\WINDOWS\system32\kerberos.DLL
0x00007ffeb7600000 - 0x00007ffeb7670000 	C:\WINDOWS\system32\msv1_0.DLL
0x00007ffeb75f0000 - 0x00007ffeb75fd000 	C:\WINDOWS\SYSTEM32\NtlmShared.dll
0x00007ffeb76e0000 - 0x00007ffeb76f4000 	C:\WINDOWS\SYSTEM32\cryptdll.dll
0x00007ffeb5fc0000 - 0x00007ffeb5fe8000 	C:\WINDOWS\system32\ntdsapi.dll
0x00007ffe8ec10000 - 0x00007ffe8ec26000 	C:\WINDOWS\system32\napinsp.dll
0x00007ffe8ebf0000 - 0x00007ffe8ec0a000 	C:\WINDOWS\system32\pnrpnsp.dll
0x00007ffeb3f40000 - 0x00007ffeb3f59000 	C:\WINDOWS\system32\NLAapi.dll
0x00007ffeaf460000 - 0x00007ffeaf46e000 	C:\WINDOWS\System32\winrnr.dll
0x00007ffead210000 - 0x00007ffead225000 	C:\WINDOWS\System32\wshbth.dll
0x00007ffeb49e0000 - 0x00007ffeb4ba9000 	C:\WINDOWS\SYSTEM32\dbghelp.dll

VM Arguments:
jvm_args: -Dfile.encoding=UTF-8 
java_command: Formularios.Login.login
java_class_path (initial): C:\Program Files\NetBeans 8.2\java\modules\ext\AbsoluteLayout.jar;C:\Users\samue\Downloads\librerias\RojeruSan.lib.jar;C:\Users\samue\Downloads\librerias\Atxy2k.jar;C:\Users\samue\Downloads\librerias\NefAnimacion_V2.1_jdk18.jar;C:\Users\samue\Downloads\librerias\RSNotify v1.0.jar;C:\Users\samue\Downloads\librerias\RSPanelCircleBorder.jar;C:\Users\samue\Downloads\librerias\RSProgressBar.jar;C:\Users\samue\Downloads\librerias\RSUtilities.jar;C:\Users\samue\Downloads\librerias\RojeruSan.full.jar;C:\Users\samue\Downloads\librerias\commons-logging-1.2.jar;C:\Users\samue\Downloads\librerias\rs2xml.jar;C:\Users\samue\Downloads\librerias\sqljdbc4.jar;C:\Users\samue\Downloads\80_\Sistema de Facturacion Electronica\build\classes
Launcher Type: SUN_STANDARD

Environment Variables:
PATH=C:\Program Files (x86)\Common Files\Oracle\Java\javapath;C:\WINDOWS\system32;C:\WINDOWS;C:\WINDOWS\System32\Wbem;C:\WINDOWS\System32\WindowsPowerShell\v1.0\;C:\WINDOWS\System32\OpenSSH\;C:\Program Files\Java\jdk1.8.0_191\bin;C:\Program Files\Microsoft SQL Server\Client SDK\ODBC\130\Tools\Binn\;C:\Program Files (x86)\Microsoft SQL Server\140\Tools\Binn\;C:\Program Files\Microsoft SQL Server\140\Tools\Binn\;C:\Program Files\Microsoft SQL Server\140\DTS\Binn\;C:\Program Files (x86)\Microsoft SQL Server\Client SDK\ODBC\130\Tools\Binn\;C:\Program Files (x86)\Microsoft SQL Server\140\DTS\Binn\;C:\Program Files (x86)\Microsoft SQL Server\140\Tools\Binn\ManagementStudio\;C:\Users\samue\AppData\Local\Microsoft\WindowsApps;;C:\Users\samue\AppData\Local\Programs\Microsoft VS Code\bin
USERNAME=samue
OS=Windows_NT
PROCESSOR_IDENTIFIER=AMD64 Family 21 Model 101 Stepping 1, AuthenticAMD



---------------  S Y S T E M  ---------------

OS: Windows 10.0 , 64 bit Build 17134 (10.0.17134.753)

CPU:total 4 (initial active 4) (4 cores per cpu, 1 threads per core) family 21 model 101 stepping 1, cmov, cx8, fxsr, mmx, sse, sse2, sse3, ssse3, sse4.1, sse4.2, popcnt, avx, avx2, aes, clmul, mmxext, 3dnowpref, lzcnt, sse4a, tsc, tscinvbit, tscinv, bmi1

Memory: 4k page, physical 7749608k(1514116k free), swap 15613928k(5372712k free)

vm_info: Java HotSpot(TM) 64-Bit Server VM (25.191-b12) for windows-amd64 JRE (1.8.0_191-b12), built on Oct  6 2018 09:29:03 by "java_re" with MS VC++ 10.0 (VS2010)

time: Sat Aug 24 17:49:27 2019
elapsed time: 7 seconds (0d 0h 0m 7s)

