#
# A fatal error has been detected by the Java Runtime Environment:
#
#  EXCEPTION_ACCESS_VIOLATION (0xc0000005) at pc=0x000000005de1f773, pid=16304, tid=0x0000000000003940
#
# JRE version: Java(TM) SE Runtime Environment (8.0_191-b12) (build 1.8.0_191-b12)
# Java VM: Java HotSpot(TM) 64-Bit Server VM (25.191-b12 mixed mode windows-amd64 compressed oops)
# Problematic frame:
# V  [jvm.dll+0x13f773]
#
# Failed to write core dump. Minidumps are not enabled by default on client versions of Windows
#
# If you would like to submit a bug report, please visit:
#   http://bugreport.java.com/bugreport/crash.jsp
#

---------------  T H R E A D  ---------------

Current thread (0x0000000019789000):  JavaThread "AWT-EventQueue-0" [_thread_in_vm, id=14656, stack(0x000000001a2b0000,0x000000001a3b0000)]

siginfo: ExceptionCode=0xc0000005, reading address 0x00000002ef92e7e8

Registers:
RAX=0x0000000000000000, RBX=0x0000000019789000, RCX=0x0000000000000003, RDX=0x00000002ef92e780
RSP=0x000000001a3ac1a0, RBP=0x000000001a3ac2f0, RSI=0x00000000197891f8, RDI=0x0000000019789000
R8 =0xffff80015b562ef0, R9 =0x00007ffea4a9d13f, R10=0x000000000000002f, R11=0x000000000000002f
R12=0x000000001a3ac530, R13=0x0000000000000000, R14=0x000000001a3ac528, R15=0x0000000000000000
RIP=0x000000005de1f773, EFLAGS=0x0000000000010202

Top of Stack: (sp=0x000000001a3ac1a0)
0x000000001a3ac1a0:   00007ffea4a9d110 0000000019789000
0x000000001a3ac1b0:   000000001a3ac2f0 0000000000000000
0x000000001a3ac1c0:   0000000019789000 0000000000000000
0x000000001a3ac1d0:   0000000000000000 0000000000000000
0x000000001a3ac1e0:   00000000191447b0 00007ffea4a76777
0x000000001a3ac1f0:   00000000197891f8 000000001a3ac2f0
0x000000001a3ac200:   0000000019789000 0000000003051397
0x000000001a3ac210:   00000000030516a0 0000000000000000
0x000000001a3ac220:   0000000000000000 0000000000000000
0x000000001a3ac230:   00000000030512a0 0000000017010000
0x000000001a3ac240:   000000001a3ac1a0 0000000000000000
0x000000001a3ac250:   0000000000000000 0000000000000000
0x000000001a3ac260:   0000000000000000 0000000000000000
0x000000001a3ac270:   0000000000000000 0000000000000000
0x000000001a3ac280:   000000001a3ac4f8 0000000000000000
0x000000001a3ac290:   000000001a3ac510 000000001a3ac508 

Instructions: (pc=0x000000005de1f773)
0x000000005de1f753:   00 00 48 8b 17 74 15 8b 52 08 8b 0d 05 81 66 00
0x000000005de1f763:   48 d3 e2 48 03 15 f3 80 66 00 eb 04 48 8b 52 08
0x000000005de1f773:   48 8b 52 68 48 8b ce e8 c1 81 0d 00 48 83 7c 24
0x000000005de1f783:   28 00 48 8b f0 74 0a 48 8d 4c 24 20 e8 9c e6 13 


Register to memory mapping:

RAX=0x0000000000000000 is an unknown value
RBX=0x0000000019789000 is a thread
RCX=0x0000000000000003 is an unknown value
RDX=0x00000002ef92e780 is an unknown value
RSP=0x000000001a3ac1a0 is pointing into the stack for thread: 0x0000000019789000
RBP=0x000000001a3ac2f0 is pointing into the stack for thread: 0x0000000019789000
RSI=0x00000000197891f8 is an unknown value
RDI=0x0000000019789000 is a thread
R8 =0xffff80015b562ef0 is an unknown value
R9 =0x00007ffea4a9d13f is an unknown value
R10=0x000000000000002f is an unknown value
R11=0x000000000000002f is an unknown value
R12=0x000000001a3ac530 is pointing into the stack for thread: 0x0000000019789000
R13=0x0000000000000000 is an unknown value
R14=0x000000001a3ac528 is pointing into the stack for thread: 0x0000000019789000
R15=0x0000000000000000 is an unknown value


Stack: [0x000000001a2b0000,0x000000001a3b0000],  sp=0x000000001a3ac1a0,  free space=1008k
Native frames: (J=compiled Java code, j=interpreted, Vv=VM code, C=native code)
V  [jvm.dll+0x13f773]
C  [sqljdbc_auth.dll+0x6777]
C  0x0000000003008627

Java frames: (J=compiled Java code, j=interpreted, Vv=VM code)
j  com.microsoft.sqlserver.jdbc.AuthenticationJNI.SNISecGenClientContext([B[I[BI[B[I[ZLjava/lang/String;Ljava/lang/String;Ljava/lang/String;Ljava/util/logging/Logger;)I+0
j  com.microsoft.sqlserver.jdbc.AuthenticationJNI.GenerateClientContext([BI[B[I[Z)I+24
j  com.microsoft.sqlserver.jdbc.SQLServerConnection.SSPIData([B[B[I[ZLcom/microsoft/sqlserver/jdbc/AuthenticationJNI;)V+13
j  com.microsoft.sqlserver.jdbc.SQLServerConnection.sendLogon(Lcom/microsoft/sqlserver/jdbc/SQLServerConnection$LogonCommand;Lcom/microsoft/sqlserver/jdbc/AuthenticationJNI;)V+155
j  com.microsoft.sqlserver.jdbc.SQLServerConnection.logon(Lcom/microsoft/sqlserver/jdbc/SQLServerConnection$LogonCommand;)V+20
j  com.microsoft.sqlserver.jdbc.SQLServerConnection.access$000(Lcom/microsoft/sqlserver/jdbc/SQLServerConnection;Lcom/microsoft/sqlserver/jdbc/SQLServerConnection$LogonCommand;)V+2
j  com.microsoft.sqlserver.jdbc.SQLServerConnection$LogonCommand.doExecute()Z+5
j  com.microsoft.sqlserver.jdbc.TDSCommand.execute(Lcom/microsoft/sqlserver/jdbc/TDSWriter;Lcom/microsoft/sqlserver/jdbc/TDSReader;)Z+11
j  com.microsoft.sqlserver.jdbc.SQLServerConnection.executeCommand(Lcom/microsoft/sqlserver/jdbc/TDSCommand;)Z+37
j  com.microsoft.sqlserver.jdbc.SQLServerConnection.connectHelper(Ljava/lang/String;III)V+250
j  com.microsoft.sqlserver.jdbc.SQLServerConnection.loginWithoutFailover(Ljava/lang/String;Ljava/lang/String;IIJ)V+270
j  com.microsoft.sqlserver.jdbc.SQLServerConnection.connect(Ljava/util/Properties;Lcom/microsoft/sqlserver/jdbc/SQLServerPooledConnection;)Ljava/sql/Connection;+2276
j  com.microsoft.sqlserver.jdbc.SQLServerDriver.connect(Ljava/lang/String;Ljava/util/Properties;)Ljava/sql/Connection;+50
j  java.sql.DriverManager.getConnection(Ljava/lang/String;Ljava/util/Properties;Ljava/lang/Class;)Ljava/sql/Connection;+171
j  java.sql.DriverManager.getConnection(Ljava/lang/String;)Ljava/sql/Connection;+13
j  Clases.Conexion.Conectar()Ljava/sql/Connection;+10
j  Formularios.Mantenimientos.MantenimientoTipoFactura.showTableData()V+8
j  Formularios.Mantenimientos.MantenimientoTipoFactura.<init>()V+31
j  Formularios.Menus.Menu_mantenimientos.jButton4MouseClicked(Ljava/awt/event/MouseEvent;)V+12
j  Formularios.Menus.Menu_mantenimientos.access$400(LFormularios/Menus/Menu_mantenimientos;Ljava/awt/event/MouseEvent;)V+2
j  Formularios.Menus.Menu_mantenimientos$5.mouseClicked(Ljava/awt/event/MouseEvent;)V+5
j  java.awt.AWTEventMulticaster.mouseClicked(Ljava/awt/event/MouseEvent;)V+21
j  java.awt.Component.processMouseEvent(Ljava/awt/event/MouseEvent;)V+74
j  javax.swing.JComponent.processMouseEvent(Ljava/awt/event/MouseEvent;)V+23
j  java.awt.Component.processEvent(Ljava/awt/AWTEvent;)V+81
j  java.awt.Container.processEvent(Ljava/awt/AWTEvent;)V+18
j  java.awt.Component.dispatchEventImpl(Ljava/awt/AWTEvent;)V+589
j  java.awt.Container.dispatchEventImpl(Ljava/awt/AWTEvent;)V+42
j  java.awt.Component.dispatchEvent(Ljava/awt/AWTEvent;)V+2
j  java.awt.LightweightDispatcher.retargetMouseEvent(Ljava/awt/Component;ILjava/awt/event/MouseEvent;)V+349
j  java.awt.LightweightDispatcher.processMouseEvent(Ljava/awt/event/MouseEvent;)Z+171
j  java.awt.LightweightDispatcher.dispatchEvent(Ljava/awt/AWTEvent;)Z+50
j  java.awt.Container.dispatchEventImpl(Ljava/awt/AWTEvent;)V+12
j  java.awt.Window.dispatchEventImpl(Ljava/awt/AWTEvent;)V+19
j  java.awt.Component.dispatchEvent(Ljava/awt/AWTEvent;)V+2
j  java.awt.EventQueue.dispatchEventImpl(Ljava/awt/AWTEvent;Ljava/lang/Object;)V+41
j  java.awt.EventQueue.access$500(Ljava/awt/EventQueue;Ljava/awt/AWTEvent;Ljava/lang/Object;)V+3
j  java.awt.EventQueue$3.run()Ljava/lang/Void;+32
j  java.awt.EventQueue$3.run()Ljava/lang/Object;+1
v  ~StubRoutines::call_stub
J 444  java.security.AccessController.doPrivileged(Ljava/security/PrivilegedAction;Ljava/security/AccessControlContext;)Ljava/lang/Object; (0 bytes) @ 0x00000000031fa3a6 [0x00000000031fa340+0x66]
J 942 C1 java.security.ProtectionDomain$JavaSecurityAccessImpl.doIntersectionPrivilege(Ljava/security/PrivilegedAction;Ljava/security/AccessControlContext;Ljava/security/AccessControlContext;)Ljava/lang/Object; (22 bytes) @ 0x000000000334b1ec [0x000000000334ad80+0x46c]
j  java.security.ProtectionDomain$JavaSecurityAccessImpl.doIntersectionPrivilege(Ljava/security/PrivilegedAction;Ljava/security/AccessControlContext;)Ljava/lang/Object;+6
j  java.awt.EventQueue$4.run()Ljava/lang/Void;+11
j  java.awt.EventQueue$4.run()Ljava/lang/Object;+1
v  ~StubRoutines::call_stub
J 444  java.security.AccessController.doPrivileged(Ljava/security/PrivilegedAction;Ljava/security/AccessControlContext;)Ljava/lang/Object; (0 bytes) @ 0x00000000031fa3a6 [0x00000000031fa340+0x66]
J 942 C1 java.security.ProtectionDomain$JavaSecurityAccessImpl.doIntersectionPrivilege(Ljava/security/PrivilegedAction;Ljava/security/AccessControlContext;Ljava/security/AccessControlContext;)Ljava/lang/Object; (22 bytes) @ 0x000000000334b1ec [0x000000000334ad80+0x46c]
j  java.awt.EventQueue.dispatchEvent(Ljava/awt/AWTEvent;)V+73
j  java.awt.EventDispatchThread.pumpOneEventForFilters(I)V+140
j  java.awt.EventDispatchThread.pumpEventsForFilter(ILjava/awt/Conditional;Ljava/awt/EventFilter;)V+35
j  java.awt.EventDispatchThread.pumpEventsForHierarchy(ILjava/awt/Conditional;Ljava/awt/Component;)V+11
j  java.awt.EventDispatchThread.pumpEvents(ILjava/awt/Conditional;)V+4
j  java.awt.EventDispatchThread.pumpEvents(Ljava/awt/Conditional;)V+3
j  java.awt.EventDispatchThread.run()V+9
v  ~StubRoutines::call_stub

---------------  P R O C E S S  ---------------

Java Threads: ( => current thread )
  0x00000000176c5800 JavaThread "Image Fetcher 0" daemon [_thread_blocked, id=13356, stack(0x0000000020fc0000,0x00000000210c0000)]
  0x0000000019997800 JavaThread "D3D Screen Updater" daemon [_thread_blocked, id=3472, stack(0x00000000201b0000,0x00000000202b0000)]
  0x0000000002e52800 JavaThread "DestroyJavaVM" [_thread_blocked, id=11400, stack(0x0000000002d20000,0x0000000002e20000)]
=>0x0000000019789000 JavaThread "AWT-EventQueue-0" [_thread_in_vm, id=14656, stack(0x000000001a2b0000,0x000000001a3b0000)]
  0x00000000193a2000 JavaThread "AWT-Windows" daemon [_thread_blocked, id=4596, stack(0x000000001a0f0000,0x000000001a1f0000)]
  0x000000001939f000 JavaThread "AWT-Shutdown" [_thread_blocked, id=10880, stack(0x0000000019ff0000,0x000000001a0f0000)]
  0x0000000019733000 JavaThread "Java2D Disposer" daemon [_thread_blocked, id=6304, stack(0x0000000019ef0000,0x0000000019ff0000)]
  0x00000000176ce000 JavaThread "Service Thread" daemon [_thread_blocked, id=10612, stack(0x00000000193b0000,0x00000000194b0000)]
  0x00000000176a4800 JavaThread "C1 CompilerThread2" daemon [_thread_blocked, id=16488, stack(0x0000000018eb0000,0x0000000018fb0000)]
  0x000000001767c000 JavaThread "C2 CompilerThread1" daemon [_thread_blocked, id=17748, stack(0x0000000018db0000,0x0000000018eb0000)]
  0x0000000017675800 JavaThread "C2 CompilerThread0" daemon [_thread_blocked, id=3496, stack(0x0000000018cb0000,0x0000000018db0000)]
  0x0000000017673800 JavaThread "Attach Listener" daemon [_thread_blocked, id=620, stack(0x0000000018bb0000,0x0000000018cb0000)]
  0x0000000017672000 JavaThread "Signal Dispatcher" daemon [_thread_blocked, id=17804, stack(0x0000000018ab0000,0x0000000018bb0000)]
  0x0000000002f4b000 JavaThread "Finalizer" daemon [_thread_blocked, id=15892, stack(0x00000000188c0000,0x00000000189c0000)]
  0x0000000002f42000 JavaThread "Reference Handler" daemon [_thread_blocked, id=18844, stack(0x00000000187c0000,0x00000000188c0000)]

Other Threads:
  0x0000000017637800 VMThread [stack: 0x00000000186c0000,0x00000000187c0000] [id=18088]
  0x0000000018fc9800 WatcherThread [stack: 0x00000000194b0000,0x00000000195b0000] [id=19284]

VM state:synchronizing (normal execution)

VM Mutex/Monitor currently owned by a thread:  ([mutex/lock_event])
[0x0000000002fed520] Threads_lock - owner thread: 0x0000000017637800

Heap:
 PSYoungGen      total 35840K, used 12145K [0x00000000d8980000, 0x00000000db180000, 0x0000000100000000)
  eden space 30720K, 22% used [0x00000000d8980000,0x00000000d905e560,0x00000000da780000)
  from space 5120K, 99% used [0x00000000da780000,0x00000000dac7e020,0x00000000dac80000)
  to   space 5120K, 0% used [0x00000000dac80000,0x00000000dac80000,0x00000000db180000)
 ParOldGen       total 81920K, used 1019K [0x0000000089c00000, 0x000000008ec00000, 0x00000000d8980000)
  object space 81920K, 1% used [0x0000000089c00000,0x0000000089cfeea0,0x000000008ec00000)
 Metaspace       used 17617K, capacity 17922K, committed 18304K, reserved 1064960K
  class space    used 2223K, capacity 2315K, committed 2432K, reserved 1048576K

Card table byte_map: [0x00000000123b0000,0x0000000012770000] byte_map_base: 0x0000000011f62000

Marking Bits: (ParMarkBitMap*) 0x000000005e503e30
 Begin Bits: [0x0000000012df0000, 0x0000000014b80000)
 End Bits:   [0x0000000014b80000, 0x0000000016910000)

Polling page: 0x0000000001340000

CodeCache: size=245760Kb used=5410Kb max_used=5410Kb free=240349Kb
 bounds [0x0000000002ff0000, 0x0000000003540000, 0x0000000011ff0000]
 total_blobs=2244 nmethods=1679 adapters=478
 compilation: enabled

Compilation events (10 events):
Event: 18.613 Thread 0x00000000176a4800 1683       3       com.sun.crypto.provider.AESCrypt::mul4 (181 bytes)
Event: 18.614 Thread 0x00000000176a4800 nmethod 1683 0x0000000003537cd0 code [0x0000000003537ee0, 0x0000000003538910]
Event: 18.623 Thread 0x00000000176a4800 1684       3       java.util.jar.JarFile::getManifestFromReference (117 bytes)
Event: 18.625 Thread 0x00000000176a4800 nmethod 1684 0x0000000003539190 code [0x00000000035393c0, 0x000000000353a058]
Event: 18.625 Thread 0x00000000176a4800 1685       3       java.lang.ClassLoader::checkPackageAccess (122 bytes)
Event: 18.626 Thread 0x00000000176a4800 nmethod 1685 0x000000000353a5d0 code [0x000000000353a800, 0x000000000353b3e8]
Event: 18.629 Thread 0x00000000176a4800 1686       1       java.util.logging.Level::intValue (5 bytes)
Event: 18.629 Thread 0x00000000176a4800 nmethod 1686 0x000000000353b990 code [0x000000000353bae0, 0x000000000353bbf0]
Event: 18.940 Thread 0x00000000176a4800 1687       3       java.awt.AWTEvent::<init> (81 bytes)
Event: 18.940 Thread 0x00000000176a4800 nmethod 1687 0x000000000353bed0 code [0x000000000353c080, 0x000000000353c6c8]

GC Heap History (2 events):
Event: 18.285 GC heap before
{Heap before GC invocations=1 (full 0):
 PSYoungGen      total 35840K, used 30720K [0x00000000d8980000, 0x00000000db180000, 0x0000000100000000)
  eden space 30720K, 100% used [0x00000000d8980000,0x00000000da780000,0x00000000da780000)
  from space 5120K, 0% used [0x00000000dac80000,0x00000000dac80000,0x00000000db180000)
  to   space 5120K, 0% used [0x00000000da780000,0x00000000da780000,0x00000000dac80000)
 ParOldGen       total 81920K, used 0K [0x0000000089c00000, 0x000000008ec00000, 0x00000000d8980000)
  object space 81920K, 0% used [0x0000000089c00000,0x0000000089c00000,0x000000008ec00000)
 Metaspace       used 17006K, capacity 17314K, committed 17664K, reserved 1064960K
  class space    used 2165K, capacity 2283K, committed 2304K, reserved 1048576K
Event: 18.305 GC heap after
Heap after GC invocations=1 (full 0):
 PSYoungGen      total 35840K, used 5112K [0x00000000d8980000, 0x00000000db180000, 0x0000000100000000)
  eden space 30720K, 0% used [0x00000000d8980000,0x00000000d8980000,0x00000000da780000)
  from space 5120K, 99% used [0x00000000da780000,0x00000000dac7e020,0x00000000dac80000)
  to   space 5120K, 0% used [0x00000000dac80000,0x00000000dac80000,0x00000000db180000)
 ParOldGen       total 81920K, used 1019K [0x0000000089c00000, 0x000000008ec00000, 0x00000000d8980000)
  object space 81920K, 1% used [0x0000000089c00000,0x0000000089cfeea0,0x000000008ec00000)
 Metaspace       used 17006K, capacity 17314K, committed 17664K, reserved 1064960K
  class space    used 2165K, capacity 2283K, committed 2304K, reserved 1048576K
}

Deoptimization events (10 events):
Event: 15.789 Thread 0x00000000176c5800 Uncommon trap: reason=unstable_if action=reinterpret pc=0x00000000032c0290 method=java.lang.ThreadLocal$ThreadLocalMap.getEntry(Ljava/lang/ThreadLocal;)Ljava/lang/ThreadLocal$ThreadLocalMap$Entry; @ 21
Event: 15.967 Thread 0x0000000019789000 Uncommon trap: reason=unstable_if action=reinterpret pc=0x00000000031fefb4 method=java.lang.String.indexOf([CII[CIII)I @ 3
Event: 16.773 Thread 0x0000000019789000 Uncommon trap: reason=class_check action=maybe_recompile pc=0x00000000033b8eb4 method=java.util.HashMap.putVal(ILjava/lang/Object;Ljava/lang/Object;ZZ)Ljava/lang/Object; @ 253
Event: 16.773 Thread 0x0000000019789000 Uncommon trap: reason=class_check action=maybe_recompile pc=0x00000000033b8eb4 method=java.util.HashMap.putVal(ILjava/lang/Object;Ljava/lang/Object;ZZ)Ljava/lang/Object; @ 253
Event: 16.773 Thread 0x0000000019789000 Uncommon trap: reason=class_check action=maybe_recompile pc=0x00000000033b8eb4 method=java.util.HashMap.putVal(ILjava/lang/Object;Ljava/lang/Object;ZZ)Ljava/lang/Object; @ 253
Event: 16.773 Thread 0x0000000019789000 Uncommon trap: reason=class_check action=maybe_recompile pc=0x00000000033b8eb4 method=java.util.HashMap.putVal(ILjava/lang/Object;Ljava/lang/Object;ZZ)Ljava/lang/Object; @ 253
Event: 17.328 Thread 0x0000000019789000 Uncommon trap: reason=unstable_if action=reinterpret pc=0x000000000327c290 method=java.io.WinNTFileSystem.normalize(Ljava/lang/String;)Ljava/lang/String; @ 128
Event: 17.367 Thread 0x0000000019789000 Uncommon trap: reason=class_check action=maybe_recompile pc=0x0000000003409b5c method=java.util.regex.Pattern$BmpCharProperty.match(Ljava/util/regex/Matcher;ILjava/lang/CharSequence;)Z @ 31
Event: 17.367 Thread 0x0000000019789000 Uncommon trap: reason=unstable_if action=reinterpret pc=0x0000000003409af8 method=java.util.regex.Pattern$BmpCharProperty.match(Ljava/util/regex/Matcher;ILjava/lang/CharSequence;)Z @ 5
Event: 18.343 Thread 0x0000000019789000 Uncommon trap: reason=unstable_if action=reinterpret pc=0x00000000034e201c method=java.lang.ref.SoftReference.get()Ljava/lang/Object; @ 17

Classes redefined (0 events):
No events

Internal exceptions (10 events):
Event: 1.629 Thread 0x0000000002e52800 Exception <a 'java/lang/ClassNotFoundException': ToggleButton> (0x00000000d8e037e8) thrown at [C:\re\workspace\8-2-build-windows-amd64-cygwin\jdk8u191\11896\hotspot\src\share\vm\classfile\systemDictionary.cpp, line 210]
Event: 1.629 Thread 0x0000000002e52800 Exception <a 'java/lang/ClassNotFoundException': javax/swing/JToolBarSeparator> (0x00000000d8e03c48) thrown at [C:\re\workspace\8-2-build-windows-amd64-cygwin\jdk8u191\11896\hotspot\src\share\vm\classfile\systemDictionary.cpp, line 210]
Event: 1.629 Thread 0x0000000002e52800 Exception <a 'java/lang/ClassNotFoundException': ToolBarSeparator> (0x00000000d8e040e0) thrown at [C:\re\workspace\8-2-build-windows-amd64-cygwin\jdk8u191\11896\hotspot\src\share\vm\classfile\systemDictionary.cpp, line 210]
Event: 1.629 Thread 0x0000000002e52800 Exception <a 'java/lang/ClassNotFoundException': ToolTip> (0x00000000d8e04820) thrown at [C:\re\workspace\8-2-build-windows-amd64-cygwin\jdk8u191\11896\hotspot\src\share\vm\classfile\systemDictionary.cpp, line 210]
Event: 1.633 Thread 0x0000000002e52800 Exception <a 'java/lang/ClassNotFoundException': Tree> (0x00000000d8e05440) thrown at [C:\re\workspace\8-2-build-windows-amd64-cygwin\jdk8u191\11896\hotspot\src\share\vm\classfile\systemDictionary.cpp, line 210]
Event: 1.633 Thread 0x0000000002e52800 Exception <a 'java/lang/ClassNotFoundException': Tree> (0x00000000d8e05b80) thrown at [C:\re\workspace\8-2-build-windows-amd64-cygwin\jdk8u191\11896\hotspot\src\share\vm\classfile\systemDictionary.cpp, line 210]
Event: 1.633 Thread 0x0000000002e52800 Exception <a 'java/lang/ClassNotFoundException': javax/swing/JTreeCell> (0x00000000d8e05f00) thrown at [C:\re\workspace\8-2-build-windows-amd64-cygwin\jdk8u191\11896\hotspot\src\share\vm\classfile\systemDictionary.cpp, line 210]
Event: 1.633 Thread 0x0000000002e52800 Exception <a 'java/lang/ClassNotFoundException': TreeCell> (0x00000000d8e06388) thrown at [C:\re\workspace\8-2-build-windows-amd64-cygwin\jdk8u191\11896\hotspot\src\share\vm\classfile\systemDictionary.cpp, line 210]
Event: 1.635 Thread 0x0000000002e52800 Exception <a 'java/lang/ClassNotFoundException': RootPane> (0x00000000d8e06de8) thrown at [C:\re\workspace\8-2-build-windows-amd64-cygwin\jdk8u191\11896\hotspot\src\share\vm\classfile\systemDictionary.cpp, line 210]
Event: 15.789 Thread 0x00000000176c5800 Implicit null exception at 0x00000000032c01fb to 0x00000000032c0271

Events (10 events):
Event: 18.624 loading class javax/crypto/MacSpi
Event: 18.624 loading class javax/crypto/MacSpi done
Event: 18.629 loading class sun/security/ssl/CipherBox$1
Event: 18.629 loading class sun/security/ssl/CipherBox$1 done
Event: 18.631 loading class com/microsoft/sqlserver/jdbc/TDSCommand$1AttentionAckHandler
Event: 18.631 loading class com/microsoft/sqlserver/jdbc/TDSCommand$1AttentionAckHandler done
Event: 18.633 loading class com/microsoft/sqlserver/jdbc/AuthenticationJNI
Event: 18.633 loading class com/microsoft/sqlserver/jdbc/AuthenticationJNI done
Event: 18.664 loading class java/lang/ClassLoaderHelper
Event: 18.695 loading class java/lang/ClassLoaderHelper done


Dynamic libraries:
0x00007ff6d37c0000 - 0x00007ff6d37f7000 	C:\Program Files\Java\jdk1.8.0_191\bin\java.exe
0x00007ffebbb40000 - 0x00007ffebbd21000 	C:\WINDOWS\SYSTEM32\ntdll.dll
0x00007ffeb0a80000 - 0x00007ffeb0a92000 	C:\Program Files\AVAST Software\Avast\aswhook.dll
0x00007ffebb130000 - 0x00007ffebb1e1000 	C:\WINDOWS\System32\KERNEL32.DLL
0x00007ffeb7f10000 - 0x00007ffeb8183000 	C:\WINDOWS\System32\KERNELBASE.dll
0x00007ffebaa70000 - 0x00007ffebab11000 	C:\WINDOWS\System32\ADVAPI32.dll
0x00007ffebab80000 - 0x00007ffebac1e000 	C:\WINDOWS\System32\msvcrt.dll
0x00007ffebb550000 - 0x00007ffebb5ab000 	C:\WINDOWS\System32\sechost.dll
0x00007ffebb8f0000 - 0x00007ffebba14000 	C:\WINDOWS\System32\RPCRT4.dll
0x00007ffebb220000 - 0x00007ffebb3b0000 	C:\WINDOWS\System32\USER32.dll
0x00007ffeb8190000 - 0x00007ffeb81b0000 	C:\WINDOWS\System32\win32u.dll
0x00007ffebac30000 - 0x00007ffebac58000 	C:\WINDOWS\System32\GDI32.dll
0x00007ffeb86a0000 - 0x00007ffeb8831000 	C:\WINDOWS\System32\gdi32full.dll
0x00007ffeb85a0000 - 0x00007ffeb863f000 	C:\WINDOWS\System32\msvcp_win.dll
0x00007ffeb84a0000 - 0x00007ffeb8598000 	C:\WINDOWS\System32\ucrtbase.dll
0x00007ffea5da0000 - 0x00007ffea6009000 	C:\WINDOWS\WinSxS\amd64_microsoft.windows.common-controls_6595b64144ccf1df_6.0.17134.885_none_fb42a3473065565f\COMCTL32.dll
0x00007ffebb5c0000 - 0x00007ffebb8e2000 	C:\WINDOWS\System32\combase.dll
0x00007ffeb8f50000 - 0x00007ffeb8fc9000 	C:\WINDOWS\System32\bcryptPrimitives.dll
0x00007ffebb1f0000 - 0x00007ffebb21d000 	C:\WINDOWS\System32\IMM32.DLL
0x0000000060310000 - 0x00000000603e2000 	C:\Program Files\Java\jdk1.8.0_191\jre\bin\msvcr100.dll
0x000000005dce0000 - 0x000000005e584000 	C:\Program Files\Java\jdk1.8.0_191\jre\bin\server\jvm.dll
0x00007ffebac20000 - 0x00007ffebac28000 	C:\WINDOWS\System32\PSAPI.DLL
0x00007ffeaa670000 - 0x00007ffeaa679000 	C:\WINDOWS\SYSTEM32\WSOCK32.dll
0x00007ffebba20000 - 0x00007ffebba8c000 	C:\WINDOWS\System32\WS2_32.dll
0x00007ffeb5ed0000 - 0x00007ffeb5ef3000 	C:\WINDOWS\SYSTEM32\WINMM.dll
0x00007ffeb3630000 - 0x00007ffeb363a000 	C:\WINDOWS\SYSTEM32\VERSION.dll
0x00007ffeb5db0000 - 0x00007ffeb5dda000 	C:\WINDOWS\SYSTEM32\WINMMBASE.dll
0x00007ffeb81b0000 - 0x00007ffeb81f9000 	C:\WINDOWS\System32\cfgmgr32.dll
0x0000000060af0000 - 0x0000000060aff000 	C:\Program Files\Java\jdk1.8.0_191\jre\bin\verify.dll
0x0000000060ac0000 - 0x0000000060ae9000 	C:\Program Files\Java\jdk1.8.0_191\jre\bin\java.dll
0x0000000060aa0000 - 0x0000000060ab6000 	C:\Program Files\Java\jdk1.8.0_191\jre\bin\zip.dll
0x00007ffeb94e0000 - 0x00007ffeba920000 	C:\WINDOWS\System32\SHELL32.dll
0x00007ffeba9c0000 - 0x00007ffebaa69000 	C:\WINDOWS\System32\shcore.dll
0x00007ffeb8840000 - 0x00007ffeb8f4d000 	C:\WINDOWS\System32\windows.storage.dll
0x00007ffeb93b0000 - 0x00007ffeb9401000 	C:\WINDOWS\System32\shlwapi.dll
0x00007ffeb7e70000 - 0x00007ffeb7e81000 	C:\WINDOWS\System32\kernel.appcore.dll
0x00007ffeb7e90000 - 0x00007ffeb7eaf000 	C:\WINDOWS\System32\profapi.dll
0x00007ffeb7ec0000 - 0x00007ffeb7f0c000 	C:\WINDOWS\System32\powrprof.dll
0x00007ffeb7eb0000 - 0x00007ffeb7eba000 	C:\WINDOWS\System32\FLTLIB.DLL
0x000000005db40000 - 0x000000005dcd9000 	C:\Program Files\Java\jdk1.8.0_191\jre\bin\awt.dll
0x00007ffeb9410000 - 0x00007ffeb94d2000 	C:\WINDOWS\System32\OLEAUT32.dll
0x00007ffeb5ff0000 - 0x00007ffeb607b000 	C:\WINDOWS\SYSTEM32\apphelp.dll
0x00007ffeb6270000 - 0x00007ffeb6308000 	C:\WINDOWS\system32\uxtheme.dll
0x00007ffeb9230000 - 0x00007ffeb93a3000 	C:\WINDOWS\System32\MSCTF.dll
0x00007ffeb65b0000 - 0x00007ffeb65d9000 	C:\WINDOWS\system32\dwmapi.dll
0x00007ffeb90d0000 - 0x00007ffeb9221000 	C:\WINDOWS\System32\ole32.dll
0x0000000060930000 - 0x0000000060977000 	C:\Program Files\Java\jdk1.8.0_191\jre\bin\fontmanager.dll
0x00007ffe651b0000 - 0x00007ffe652d0000 	C:\WINDOWS\system32\opengl32.dll
0x00007ffe8cba0000 - 0x00007ffe8cbcc000 	C:\WINDOWS\SYSTEM32\GLU32.dll
0x00007ffe56e70000 - 0x00007ffe57007000 	C:\WINDOWS\system32\d3d9.dll
0x00007ffeb3640000 - 0x00007ffeb37d6000 	C:\WINDOWS\System32\DriverStore\FileRepository\c0322477.inf_amd64_8dc4e14518c1f5ea\aticfx64.dll
0x00007ffea9a00000 - 0x00007ffea9a32000 	C:\WINDOWS\System32\DriverStore\FileRepository\c0322477.inf_amd64_8dc4e14518c1f5ea\atiu9p64.dll
0x00007ffe45370000 - 0x00007ffe45ca6000 	C:\WINDOWS\System32\DriverStore\FileRepository\c0322477.inf_amd64_8dc4e14518c1f5ea\atiumd64.dll
0x000000005f490000 - 0x00000000602b7000 	C:\WINDOWS\System32\DriverStore\FileRepository\c0322477.inf_amd64_8dc4e14518c1f5ea\atiumd6a.dll
0x0000000060a80000 - 0x0000000060a9a000 	C:\Program Files\Java\jdk1.8.0_191\jre\bin\net.dll
0x00007ffeb7670000 - 0x00007ffeb76d6000 	C:\WINDOWS\system32\mswsock.dll
0x0000000060a60000 - 0x0000000060a71000 	C:\Program Files\Java\jdk1.8.0_191\jre\bin\nio.dll
0x00000000602c0000 - 0x0000000060302000 	C:\Program Files\Java\jdk1.8.0_191\jre\bin\t2k.dll
0x00007ffeb2e70000 - 0x00007ffeb2f06000 	C:\WINDOWS\System32\TextInputFramework.dll
0x00007ffeb3ac0000 - 0x00007ffeb3dde000 	C:\WINDOWS\System32\CoreUIComponents.dll
0x00007ffeb5800000 - 0x00007ffeb58da000 	C:\WINDOWS\System32\CoreMessaging.dll
0x00007ffeb6f80000 - 0x00007ffeb6fb1000 	C:\WINDOWS\SYSTEM32\ntmarta.dll
0x00007ffeb3900000 - 0x00007ffeb3a4d000 	C:\WINDOWS\SYSTEM32\wintypes.dll
0x00007ffeb7450000 - 0x00007ffeb750e000 	C:\WINDOWS\SYSTEM32\DNSAPI.dll
0x00007ffebb5b0000 - 0x00007ffebb5b8000 	C:\WINDOWS\System32\NSI.dll
0x00007ffeb7400000 - 0x00007ffeb7438000 	C:\WINDOWS\SYSTEM32\IPHLPAPI.DLL
0x00007ffea9120000 - 0x00007ffea912a000 	C:\Windows\System32\rasadhlp.dll
0x00007ffeaacd0000 - 0x00007ffeaad42000 	C:\WINDOWS\System32\fwpuclnt.dll
0x00007ffeb7950000 - 0x00007ffeb7975000 	C:\WINDOWS\SYSTEM32\bcrypt.dll
0x0000000060800000 - 0x0000000060824000 	C:\Program Files\Java\jdk1.8.0_191\jre\bin\sunec.dll
0x00007ffead020000 - 0x00007ffead036000 	C:\WINDOWS\SYSTEM32\dhcpcsvc6.DLL
0x00007ffead460000 - 0x00007ffead47a000 	C:\WINDOWS\SYSTEM32\dhcpcsvc.DLL
0x00007ffeb7820000 - 0x00007ffeb7837000 	C:\WINDOWS\SYSTEM32\CRYPTSP.dll
0x00007ffeb7260000 - 0x00007ffeb7293000 	C:\WINDOWS\system32\rsaenh.dll
0x00007ffeb7d80000 - 0x00007ffeb7da8000 	C:\WINDOWS\SYSTEM32\USERENV.dll
0x00007ffeb7840000 - 0x00007ffeb784b000 	C:\WINDOWS\SYSTEM32\CRYPTBASE.dll
0x0000000060a40000 - 0x0000000060a4b000 	C:\Program Files\Java\jdk1.8.0_191\jre\bin\sunmscapi.dll
0x00007ffeb8200000 - 0x00007ffeb83e2000 	C:\WINDOWS\System32\CRYPT32.dll
0x00007ffeb7e50000 - 0x00007ffeb7e62000 	C:\WINDOWS\System32\MSASN1.dll
0x00007ffea4a70000 - 0x00007ffea4abb000 	C:\Users\samue\Downloads\80_\Sistema de Facturacion Electronica\sqljdbc_auth.dll
0x00007ffea6160000 - 0x00007ffea616c000 	C:\WINDOWS\system32\secur32.dll
0x00007ffeb7d50000 - 0x00007ffeb7d80000 	C:\WINDOWS\SYSTEM32\SSPICLI.DLL
0x00007ffeb7730000 - 0x00007ffeb7819000 	C:\WINDOWS\system32\kerberos.DLL
0x00007ffeb7600000 - 0x00007ffeb7670000 	C:\WINDOWS\system32\msv1_0.DLL
0x00007ffeb75f0000 - 0x00007ffeb75fd000 	C:\WINDOWS\SYSTEM32\NtlmShared.dll
0x00007ffeb76e0000 - 0x00007ffeb76f4000 	C:\WINDOWS\SYSTEM32\cryptdll.dll
0x00007ffeb5fc0000 - 0x00007ffeb5fe8000 	C:\WINDOWS\system32\ntdsapi.dll
0x00007ffe8ec10000 - 0x00007ffe8ec26000 	C:\WINDOWS\system32\napinsp.dll
0x00007ffe8ebf0000 - 0x00007ffe8ec0a000 	C:\WINDOWS\system32\pnrpnsp.dll
0x00007ffeb3f40000 - 0x00007ffeb3f59000 	C:\WINDOWS\system32\NLAapi.dll
0x00007ffeaf460000 - 0x00007ffeaf46e000 	C:\WINDOWS\System32\winrnr.dll
0x00007ffead210000 - 0x00007ffead225000 	C:\WINDOWS\System32\wshbth.dll
0x00007ffeb49e0000 - 0x00007ffeb4ba9000 	C:\WINDOWS\SYSTEM32\dbghelp.dll

VM Arguments:
jvm_args: -Dfile.encoding=UTF-8 
java_command: Formularios.Menus.Menu_mantenimientos
java_class_path (initial): C:\Program Files\NetBeans 8.2\java\modules\ext\AbsoluteLayout.jar;C:\Users\samue\Downloads\librerias\RojeruSan.lib.jar;C:\Users\samue\Downloads\librerias\Atxy2k.jar;C:\Users\samue\Downloads\librerias\NefAnimacion_V2.1_jdk18.jar;C:\Users\samue\Downloads\librerias\RSNotify v1.0.jar;C:\Users\samue\Downloads\librerias\RSPanelCircleBorder.jar;C:\Users\samue\Downloads\librerias\RSProgressBar.jar;C:\Users\samue\Downloads\librerias\RSUtilities.jar;C:\Users\samue\Downloads\librerias\RojeruSan.full.jar;C:\Users\samue\Downloads\librerias\commons-logging-1.2.jar;C:\Users\samue\Downloads\librerias\rs2xml.jar;C:\Users\samue\Downloads\librerias\sqljdbc4.jar;C:\Users\samue\Downloads\80_\Sistema de Facturacion Electronica\build\classes
Launcher Type: SUN_STANDARD

Environment Variables:
PATH=C:\Program Files (x86)\Common Files\Oracle\Java\javapath;C:\WINDOWS\system32;C:\WINDOWS;C:\WINDOWS\System32\Wbem;C:\WINDOWS\System32\WindowsPowerShell\v1.0\;C:\WINDOWS\System32\OpenSSH\;C:\Program Files\Java\jdk1.8.0_191\bin;C:\Program Files\Microsoft SQL Server\Client SDK\ODBC\130\Tools\Binn\;C:\Program Files (x86)\Microsoft SQL Server\140\Tools\Binn\;C:\Program Files\Microsoft SQL Server\140\Tools\Binn\;C:\Program Files\Microsoft SQL Server\140\DTS\Binn\;C:\Program Files (x86)\Microsoft SQL Server\Client SDK\ODBC\130\Tools\Binn\;C:\Program Files (x86)\Microsoft SQL Server\140\DTS\Binn\;C:\Program Files (x86)\Microsoft SQL Server\140\Tools\Binn\ManagementStudio\;C:\Users\samue\AppData\Local\Microsoft\WindowsApps;;C:\Users\samue\AppData\Local\Programs\Microsoft VS Code\bin
USERNAME=samue
OS=Windows_NT
PROCESSOR_IDENTIFIER=AMD64 Family 21 Model 101 Stepping 1, AuthenticAMD



---------------  S Y S T E M  ---------------

OS: Windows 10.0 , 64 bit Build 17134 (10.0.17134.753)

CPU:total 4 (initial active 4) (4 cores per cpu, 1 threads per core) family 21 model 101 stepping 1, cmov, cx8, fxsr, mmx, sse, sse2, sse3, ssse3, sse4.1, sse4.2, popcnt, avx, avx2, aes, clmul, mmxext, 3dnowpref, lzcnt, sse4a, tsc, tscinvbit, tscinv, bmi1

Memory: 4k page, physical 7749608k(1367832k free), swap 15613928k(5775320k free)

vm_info: Java HotSpot(TM) 64-Bit Server VM (25.191-b12) for windows-amd64 JRE (1.8.0_191-b12), built on Oct  6 2018 09:29:03 by "java_re" with MS VC++ 10.0 (VS2010)

time: Sat Aug 24 16:56:22 2019
elapsed time: 19 seconds (0d 0h 0m 19s)

