#
# A fatal error has been detected by the Java Runtime Environment:
#
#  EXCEPTION_ACCESS_VIOLATION (0xc0000005) at pc=0x00000000755bf943, pid=6800, tid=0x0000000000002180
#
# JRE version: Java(TM) SE Runtime Environment (8.0_211-b12) (build 1.8.0_211-b12)
# Java VM: Java HotSpot(TM) 64-Bit Server VM (25.211-b12 mixed mode windows-amd64 compressed oops)
# Problematic frame:
# V  [jvm.dll+0x13f943]
#
# Failed to write core dump. Minidumps are not enabled by default on client versions of Windows
#
# If you would like to submit a bug report, please visit:
#   http://bugreport.java.com/bugreport/crash.jsp
#

---------------  T H R E A D  ---------------

Current thread (0x0000000019d9d800):  JavaThread "AWT-EventQueue-0" [_thread_in_vm, id=8576, stack(0x000000001ada0000,0x000000001aea0000)]

siginfo: ExceptionCode=0xc0000005, reading address 0x00000003ab6310e8

Registers:
RAX=0x0000000000000000, RBX=0x0000000019d9d800, RCX=0x0000000000000003, RDX=0x00000003ab631080
RSP=0x000000001ae9bf00, RBP=0x000000001ae9c050, RSI=0x0000000019d9d9f8, RDI=0x0000000019d9d800
R8 =0xffff800773dd2ef0, R9 =0x00007ff88c22d13f, R10=0x000000000000002f, R11=0x000000000000002f
R12=0x000000001ae9c288, R13=0x0000000000000000, R14=0x000000001ae9c280, R15=0x0000000000000000
RIP=0x00000000755bf943, EFLAGS=0x0000000000010202

Top of Stack: (sp=0x000000001ae9bf00)
0x000000001ae9bf00:   00007ff88c22d110 0000000019d9d800
0x000000001ae9bf10:   000000001ae9c050 0000000000000000
0x000000001ae9bf20:   0000000019d9d800 0000000000000000
0x000000001ae9bf30:   0000000000000000 0000000000000000
0x000000001ae9bf40:   000000001973aae0 00007ff88c206777
0x000000001ae9bf50:   0000000019d9d9f8 000000001ae9c050
0x000000001ae9bf60:   0000000019d9d800 0000000003141797
0x000000001ae9bf70:   0000000003141aa0 0000000000000000
0x000000001ae9bf80:   0000000000000000 0000000000000000
0x000000001ae9bf90:   00000000031416a0 0000000017010000
0x000000001ae9bfa0:   000000001ae9bf00 0000000000000000
0x000000001ae9bfb0:   0000000000000000 0000000000000000
0x000000001ae9bfc0:   0000000000000000 0000000000000000
0x000000001ae9bfd0:   0000000000000000 0000000000000000
0x000000001ae9bfe0:   000000001ae9c250 0000000000000000
0x000000001ae9bff0:   000000001ae9c268 000000001ae9c260 

Instructions: (pc=0x00000000755bf943)
0x00000000755bf923:   00 00 48 8b 17 74 15 8b 52 08 8b 0d 35 9f 66 00
0x00000000755bf933:   48 d3 e2 48 03 15 23 9f 66 00 eb 04 48 8b 52 08
0x00000000755bf943:   48 8b 52 68 48 8b ce e8 b1 81 0d 00 48 83 7c 24
0x00000000755bf953:   28 00 48 8b f0 74 0a 48 8d 4c 24 20 e8 6c f4 13 


Register to memory mapping:

RAX=0x0000000000000000 is an unknown value
RBX=0x0000000019d9d800 is a thread
RCX=0x0000000000000003 is an unknown value
RDX=0x00000003ab631080 is an unknown value
RSP=0x000000001ae9bf00 is pointing into the stack for thread: 0x0000000019d9d800
RBP=0x000000001ae9c050 is pointing into the stack for thread: 0x0000000019d9d800
RSI=0x0000000019d9d9f8 is an unknown value
RDI=0x0000000019d9d800 is a thread
R8 =0xffff800773dd2ef0 is an unknown value
R9 =0x00007ff88c22d13f is an unknown value
R10=0x000000000000002f is an unknown value
R11=0x000000000000002f is an unknown value
R12=0x000000001ae9c288 is pointing into the stack for thread: 0x0000000019d9d800
R13=0x0000000000000000 is an unknown value
R14=0x000000001ae9c280 is pointing into the stack for thread: 0x0000000019d9d800
R15=0x0000000000000000 is an unknown value


Stack: [0x000000001ada0000,0x000000001aea0000],  sp=0x000000001ae9bf00,  free space=1007k
Native frames: (J=compiled Java code, j=interpreted, Vv=VM code, C=native code)
V  [jvm.dll+0x13f943]
C  [sqljdbc_auth.dll+0x6777]
C  0x00000000030f8c67

Java frames: (J=compiled Java code, j=interpreted, Vv=VM code)
j  com.microsoft.sqlserver.jdbc.AuthenticationJNI.SNISecGenClientContext([B[I[BI[B[I[ZLjava/lang/String;Ljava/lang/String;Ljava/lang/String;Ljava/util/logging/Logger;)I+0
j  com.microsoft.sqlserver.jdbc.AuthenticationJNI.GenerateClientContext([BI[B[I[Z)I+24
j  com.microsoft.sqlserver.jdbc.SQLServerConnection.SSPIData([B[B[I[ZLcom/microsoft/sqlserver/jdbc/AuthenticationJNI;)V+13
j  com.microsoft.sqlserver.jdbc.SQLServerConnection.sendLogon(Lcom/microsoft/sqlserver/jdbc/SQLServerConnection$LogonCommand;Lcom/microsoft/sqlserver/jdbc/AuthenticationJNI;)V+155
j  com.microsoft.sqlserver.jdbc.SQLServerConnection.logon(Lcom/microsoft/sqlserver/jdbc/SQLServerConnection$LogonCommand;)V+20
j  com.microsoft.sqlserver.jdbc.SQLServerConnection.access$000(Lcom/microsoft/sqlserver/jdbc/SQLServerConnection;Lcom/microsoft/sqlserver/jdbc/SQLServerConnection$LogonCommand;)V+2
j  com.microsoft.sqlserver.jdbc.SQLServerConnection$LogonCommand.doExecute()Z+5
j  com.microsoft.sqlserver.jdbc.TDSCommand.execute(Lcom/microsoft/sqlserver/jdbc/TDSWriter;Lcom/microsoft/sqlserver/jdbc/TDSReader;)Z+11
j  com.microsoft.sqlserver.jdbc.SQLServerConnection.executeCommand(Lcom/microsoft/sqlserver/jdbc/TDSCommand;)Z+37
j  com.microsoft.sqlserver.jdbc.SQLServerConnection.connectHelper(Ljava/lang/String;III)V+250
j  com.microsoft.sqlserver.jdbc.SQLServerConnection.loginWithoutFailover(Ljava/lang/String;Ljava/lang/String;IIJ)V+270
j  com.microsoft.sqlserver.jdbc.SQLServerConnection.connect(Ljava/util/Properties;Lcom/microsoft/sqlserver/jdbc/SQLServerPooledConnection;)Ljava/sql/Connection;+2276
j  com.microsoft.sqlserver.jdbc.SQLServerDriver.connect(Ljava/lang/String;Ljava/util/Properties;)Ljava/sql/Connection;+50
j  java.sql.DriverManager.getConnection(Ljava/lang/String;Ljava/util/Properties;Ljava/lang/Class;)Ljava/sql/Connection;+171
j  java.sql.DriverManager.getConnection(Ljava/lang/String;)Ljava/sql/Connection;+13
j  Clases.Conexion.Conectar()Ljava/sql/Connection;+10
j  ClaseLogin.Metodos.<init>()V+27
j  Formularios.login.btnIngresarActionPerformed(Ljava/awt/event/ActionEvent;)V+4
j  Formularios.login.access$300(LFormularios/login;Ljava/awt/event/ActionEvent;)V+2
j  Formularios.login$4.actionPerformed(Ljava/awt/event/ActionEvent;)V+5
j  javax.swing.AbstractButton.fireActionPerformed(Ljava/awt/event/ActionEvent;)V+83
j  javax.swing.AbstractButton$Handler.actionPerformed(Ljava/awt/event/ActionEvent;)V+5
j  javax.swing.DefaultButtonModel.fireActionPerformed(Ljava/awt/event/ActionEvent;)V+34
j  javax.swing.DefaultButtonModel.setPressed(Z)V+117
j  javax.swing.plaf.basic.BasicButtonListener.mouseReleased(Ljava/awt/event/MouseEvent;)V+35
j  java.awt.AWTEventMulticaster.mouseReleased(Ljava/awt/event/MouseEvent;)V+8
j  java.awt.Component.processMouseEvent(Ljava/awt/event/MouseEvent;)V+64
j  javax.swing.JComponent.processMouseEvent(Ljava/awt/event/MouseEvent;)V+23
j  java.awt.Component.processEvent(Ljava/awt/AWTEvent;)V+81
j  java.awt.Container.processEvent(Ljava/awt/AWTEvent;)V+18
J 1056 C1 java.awt.Component.dispatchEventImpl(Ljava/awt/AWTEvent;)V (921 bytes) @ 0x000000000345995c [0x0000000003454440+0x551c]
J 925 C1 java.awt.Container.dispatchEventImpl(Ljava/awt/AWTEvent;)V (129 bytes) @ 0x0000000003408144 [0x0000000003408000+0x144]
J 924 C1 java.awt.Component.dispatchEvent(Ljava/awt/AWTEvent;)V (6 bytes) @ 0x0000000003409104 [0x0000000003409000+0x104]
j  java.awt.LightweightDispatcher.retargetMouseEvent(Ljava/awt/Component;ILjava/awt/event/MouseEvent;)V+349
j  java.awt.LightweightDispatcher.processMouseEvent(Ljava/awt/event/MouseEvent;)Z+155
j  java.awt.LightweightDispatcher.dispatchEvent(Ljava/awt/AWTEvent;)Z+50
J 925 C1 java.awt.Container.dispatchEventImpl(Ljava/awt/AWTEvent;)V (129 bytes) @ 0x00000000034080e4 [0x0000000003408000+0xe4]
j  java.awt.Window.dispatchEventImpl(Ljava/awt/AWTEvent;)V+19
J 1033 C1 java.awt.EventQueue.dispatchEventImpl(Ljava/awt/AWTEvent;Ljava/lang/Object;)V (149 bytes) @ 0x000000000343e8bc [0x000000000343d080+0x183c]
J 1031 C1 java.awt.EventQueue$3.run()Ljava/lang/Void; (60 bytes) @ 0x000000000343b00c [0x000000000343ae00+0x20c]
J 1030 C1 java.awt.EventQueue$3.run()Ljava/lang/Object; (5 bytes) @ 0x000000000343b6cc [0x000000000343b640+0x8c]
v  ~StubRoutines::call_stub
J 461  java.security.AccessController.doPrivileged(Ljava/security/PrivilegedAction;Ljava/security/AccessControlContext;)Ljava/lang/Object; (0 bytes) @ 0x00000000032e99e6 [0x00000000032e9980+0x66]
J 815 C1 java.security.ProtectionDomain$JavaSecurityAccessImpl.doIntersectionPrivilege(Ljava/security/PrivilegedAction;Ljava/security/AccessControlContext;Ljava/security/AccessControlContext;)Ljava/lang/Object; (22 bytes) @ 0x00000000033cee6c [0x00000000033cea00+0x46c]
j  java.security.ProtectionDomain$JavaSecurityAccessImpl.doIntersectionPrivilege(Ljava/security/PrivilegedAction;Ljava/security/AccessControlContext;)Ljava/lang/Object;+6
j  java.awt.EventQueue$4.run()Ljava/lang/Void;+11
j  java.awt.EventQueue$4.run()Ljava/lang/Object;+1
v  ~StubRoutines::call_stub
J 461  java.security.AccessController.doPrivileged(Ljava/security/PrivilegedAction;Ljava/security/AccessControlContext;)Ljava/lang/Object; (0 bytes) @ 0x00000000032e99e6 [0x00000000032e9980+0x66]
J 929 C1 java.awt.EventQueue.dispatchEvent(Ljava/awt/AWTEvent;)V (80 bytes) @ 0x000000000340a77c [0x0000000003409900+0xe7c]
J 931 C1 java.awt.EventDispatchThread.pumpOneEventForFilters(I)V (190 bytes) @ 0x000000000340ce4c [0x000000000340bd00+0x114c]
j  java.awt.EventDispatchThread.pumpEventsForFilter(ILjava/awt/Conditional;Ljava/awt/EventFilter;)V+35
j  java.awt.EventDispatchThread.pumpEventsForHierarchy(ILjava/awt/Conditional;Ljava/awt/Component;)V+11
j  java.awt.EventDispatchThread.pumpEvents(ILjava/awt/Conditional;)V+4
j  java.awt.EventDispatchThread.pumpEvents(Ljava/awt/Conditional;)V+3
j  java.awt.EventDispatchThread.run()V+9
v  ~StubRoutines::call_stub

---------------  P R O C E S S  ---------------

Java Threads: ( => current thread )
  0x000000001a1b0800 JavaThread "TimerQueue" daemon [_thread_blocked, id=2844, stack(0x000000001c4e0000,0x000000001c5e0000)]
  0x0000000002fe2800 JavaThread "DestroyJavaVM" [_thread_blocked, id=6992, stack(0x0000000002ee0000,0x0000000002fe0000)]
=>0x0000000019d9d800 JavaThread "AWT-EventQueue-0" [_thread_in_vm, id=8576, stack(0x000000001ada0000,0x000000001aea0000)]
  0x00000000199cb800 JavaThread "AWT-Windows" daemon [_thread_in_native, id=8008, stack(0x000000001a730000,0x000000001a830000)]
  0x00000000199c8800 JavaThread "AWT-Shutdown" [_thread_blocked, id=11808, stack(0x000000001a630000,0x000000001a730000)]
  0x00000000199c8000 JavaThread "Java2D Disposer" daemon [_thread_blocked, id=9428, stack(0x000000001a530000,0x000000001a630000)]
  0x0000000017cae000 JavaThread "Service Thread" daemon [_thread_blocked, id=13036, stack(0x00000000199d0000,0x0000000019ad0000)]
  0x0000000017c63000 JavaThread "C1 CompilerThread2" daemon [_thread_blocked, id=3036, stack(0x00000000194d0000,0x00000000195d0000)]
  0x0000000017c5a800 JavaThread "C2 CompilerThread1" daemon [_thread_blocked, id=14396, stack(0x00000000193d0000,0x00000000194d0000)]
  0x0000000017c57800 JavaThread "C2 CompilerThread0" daemon [_thread_blocked, id=14268, stack(0x00000000192d0000,0x00000000193d0000)]
  0x0000000017c56000 JavaThread "Attach Listener" daemon [_thread_blocked, id=7176, stack(0x00000000191d0000,0x00000000192d0000)]
  0x0000000017c54800 JavaThread "Signal Dispatcher" daemon [_thread_blocked, id=5580, stack(0x00000000190d0000,0x00000000191d0000)]
  0x00000000030dc800 JavaThread "Finalizer" daemon [_thread_blocked, id=9804, stack(0x0000000018ec0000,0x0000000018fc0000)]
  0x00000000030d4000 JavaThread "Reference Handler" daemon [_thread_blocked, id=14940, stack(0x0000000018dc0000,0x0000000018ec0000)]

Other Threads:
  0x0000000017c17800 VMThread [stack: 0x0000000018cc0000,0x0000000018dc0000] [id=10080]
  0x0000000019625800 WatcherThread [stack: 0x0000000019ad0000,0x0000000019bd0000] [id=5988]

VM state:not at safepoint (normal execution)

VM Mutex/Monitor currently owned by a thread: None

heap address: 0x0000000081400000, size: 2028 MB, Compressed Oops mode: 32-bit
Narrow klass base: 0x0000000000000000, Narrow klass shift: 3
Compressed class space size: 1073741824 Address: 0x0000000100000000

Heap:
 PSYoungGen      total 38400K, used 8112K [0x00000000d5c00000, 0x00000000d8680000, 0x0000000100000000)
  eden space 33280K, 9% used [0x00000000d5c00000,0x00000000d5ef1eb8,0x00000000d7c80000)
  from space 5120K, 99% used [0x00000000d7c80000,0x00000000d817a3a8,0x00000000d8180000)
  to   space 5120K, 0% used [0x00000000d8180000,0x00000000d8180000,0x00000000d8680000)
 ParOldGen       total 87552K, used 4648K [0x0000000081400000, 0x0000000086980000, 0x00000000d5c00000)
  object space 87552K, 5% used [0x0000000081400000,0x000000008188a3c0,0x0000000086980000)
 Metaspace       used 17249K, capacity 17574K, committed 17792K, reserved 1064960K
  class space    used 2081K, capacity 2175K, committed 2176K, reserved 1048576K

Card table byte_map: [0x00000000124a0000,0x00000000128a0000] byte_map_base: 0x0000000012096000

Marking Bits: (ParMarkBitMap*) 0x0000000075ca5ce0
 Begin Bits: [0x0000000012f50000, 0x0000000014f00000)
 End Bits:   [0x0000000014f00000, 0x0000000016eb0000)

Polling page: 0x00000000014e0000

CodeCache: size=245760Kb used=5484Kb max_used=5509Kb free=240275Kb
 bounds [0x00000000030e0000, 0x0000000003650000, 0x00000000120e0000]
 total_blobs=2282 nmethods=1727 adapters=467
 compilation: enabled

Compilation events (10 events):
Event: 8.860 Thread 0x0000000017c63000 nmethod 1718 0x000000000362a590 code [0x000000000362a7c0, 0x000000000362b4e8]
Event: 8.863 Thread 0x0000000017c63000 1719       1       sun.misc.URLClassPath$Loader::getBaseURL (5 bytes)
Event: 8.863 Thread 0x0000000017c63000 nmethod 1719 0x000000000362bb10 code [0x000000000362bc60, 0x000000000362bd70]
Event: 8.871 Thread 0x0000000017c63000 1720       3       com.sun.crypto.provider.AESCrypt::mul4 (181 bytes)
Event: 8.871 Thread 0x0000000017c63000 nmethod 1720 0x000000000362bdd0 code [0x000000000362bfe0, 0x000000000362ca10]
Event: 8.880 Thread 0x0000000017c63000 1721       3       sun.reflect.NativeConstructorAccessorImpl::newInstance (89 bytes)
Event: 8.881 Thread 0x0000000017c63000 nmethod 1721 0x000000000362d650 code [0x000000000362d8c0, 0x000000000362ebf8]
Event: 8.881 Thread 0x0000000017c63000 1723       1       java.util.logging.Level::intValue (5 bytes)
Event: 8.881 Thread 0x0000000017c63000 nmethod 1723 0x000000000362f410 code [0x000000000362f560, 0x000000000362f670]
Event: 8.892 Thread 0x0000000017c5a800 nmethod 1610 0x0000000003637f10 code [0x0000000003638500, 0x000000000363dcf0]

GC Heap History (2 events):
Event: 8.765 GC heap before
{Heap before GC invocations=1 (full 0):
 PSYoungGen      total 38400K, used 33280K [0x00000000d5c00000, 0x00000000d8680000, 0x0000000100000000)
  eden space 33280K, 100% used [0x00000000d5c00000,0x00000000d7c80000,0x00000000d7c80000)
  from space 5120K, 0% used [0x00000000d8180000,0x00000000d8180000,0x00000000d8680000)
  to   space 5120K, 0% used [0x00000000d7c80000,0x00000000d7c80000,0x00000000d8180000)
 ParOldGen       total 87552K, used 0K [0x0000000081400000, 0x0000000086980000, 0x00000000d5c00000)
  object space 87552K, 0% used [0x0000000081400000,0x0000000081400000,0x0000000086980000)
 Metaspace       used 16810K, capacity 17158K, committed 17280K, reserved 1064960K
  class space    used 2030K, capacity 2143K, committed 2176K, reserved 1048576K
Event: 8.779 GC heap after
Heap after GC invocations=1 (full 0):
 PSYoungGen      total 38400K, used 5096K [0x00000000d5c00000, 0x00000000d8680000, 0x0000000100000000)
  eden space 33280K, 0% used [0x00000000d5c00000,0x00000000d5c00000,0x00000000d7c80000)
  from space 5120K, 99% used [0x00000000d7c80000,0x00000000d817a3a8,0x00000000d8180000)
  to   space 5120K, 0% used [0x00000000d8180000,0x00000000d8180000,0x00000000d8680000)
 ParOldGen       total 87552K, used 4648K [0x0000000081400000, 0x0000000086980000, 0x00000000d5c00000)
  object space 87552K, 5% used [0x0000000081400000,0x000000008188a3c0,0x0000000086980000)
 Metaspace       used 16810K, capacity 17158K, committed 17280K, reserved 1064960K
  class space    used 2030K, capacity 2143K, committed 2176K, reserved 1048576K
}

Deoptimization events (10 events):
Event: 1.018 Thread 0x0000000019d9d800 Uncommon trap: reason=class_check action=maybe_recompile pc=0x0000000003353718 method=java.util.ArrayList.indexOf(Ljava/lang/Object;)I @ 51
Event: 8.234 Thread 0x0000000019d9d800 Uncommon trap: reason=unstable_if action=reinterpret pc=0x00000000032ea4f0 method=java.lang.String.indexOf([CII[CIII)I @ 3
Event: 8.362 Thread 0x0000000019d9d800 Uncommon trap: reason=class_check action=maybe_recompile pc=0x00000000034e56bc method=java.util.HashMap.putVal(ILjava/lang/Object;Ljava/lang/Object;ZZ)Ljava/lang/Object; @ 253
Event: 8.362 Thread 0x0000000019d9d800 Uncommon trap: reason=class_check action=maybe_recompile pc=0x00000000034e56bc method=java.util.HashMap.putVal(ILjava/lang/Object;Ljava/lang/Object;ZZ)Ljava/lang/Object; @ 253
Event: 8.362 Thread 0x0000000019d9d800 Uncommon trap: reason=class_check action=maybe_recompile pc=0x00000000034e56bc method=java.util.HashMap.putVal(ILjava/lang/Object;Ljava/lang/Object;ZZ)Ljava/lang/Object; @ 253
Event: 8.362 Thread 0x0000000019d9d800 Uncommon trap: reason=class_check action=maybe_recompile pc=0x00000000034e56bc method=java.util.HashMap.putVal(ILjava/lang/Object;Ljava/lang/Object;ZZ)Ljava/lang/Object; @ 253
Event: 8.362 Thread 0x0000000019d9d800 Uncommon trap: reason=class_check action=maybe_recompile pc=0x00000000034d869c method=java.util.HashMap.putVal(ILjava/lang/Object;Ljava/lang/Object;ZZ)Ljava/lang/Object; @ 253
Event: 8.476 Thread 0x0000000019d9d800 Uncommon trap: reason=unstable_if action=reinterpret pc=0x0000000003371788 method=java.io.WinNTFileSystem.normalize(Ljava/lang/String;)Ljava/lang/String; @ 128
Event: 8.483 Thread 0x0000000019d9d800 Uncommon trap: reason=class_check action=maybe_recompile pc=0x000000000351da9c method=java.util.regex.Pattern$BmpCharProperty.match(Ljava/util/regex/Matcher;ILjava/lang/CharSequence;)Z @ 31
Event: 8.483 Thread 0x0000000019d9d800 Uncommon trap: reason=unstable_if action=reinterpret pc=0x000000000351d9c4 method=java.util.regex.Pattern$BmpCharProperty.match(Ljava/util/regex/Matcher;ILjava/lang/CharSequence;)Z @ 5

Classes redefined (0 events):
No events

Internal exceptions (10 events):
Event: 0.220 Thread 0x0000000002fe2800 Exception <a 'java/lang/ClassNotFoundException': ToolTip> (0x00000000d6066730) thrown at [C:\re\workspace\8-2-build-windows-amd64-cygwin\jdk8u211\12973\hotspot\src\share\vm\classfile\systemDictionary.cpp, line 210]
Event: 0.221 Thread 0x0000000002fe2800 Exception <a 'java/lang/ClassNotFoundException': Tree> (0x00000000d6067350) thrown at [C:\re\workspace\8-2-build-windows-amd64-cygwin\jdk8u211\12973\hotspot\src\share\vm\classfile\systemDictionary.cpp, line 210]
Event: 0.221 Thread 0x0000000002fe2800 Exception <a 'java/lang/ClassNotFoundException': Tree> (0x00000000d6067a90) thrown at [C:\re\workspace\8-2-build-windows-amd64-cygwin\jdk8u211\12973\hotspot\src\share\vm\classfile\systemDictionary.cpp, line 210]
Event: 0.221 Thread 0x0000000002fe2800 Exception <a 'java/lang/ClassNotFoundException': javax/swing/JTreeCell> (0x00000000d6067e10) thrown at [C:\re\workspace\8-2-build-windows-amd64-cygwin\jdk8u211\12973\hotspot\src\share\vm\classfile\systemDictionary.cpp, line 210]
Event: 0.221 Thread 0x0000000002fe2800 Exception <a 'java/lang/ClassNotFoundException': TreeCell> (0x00000000d6068298) thrown at [C:\re\workspace\8-2-build-windows-amd64-cygwin\jdk8u211\12973\hotspot\src\share\vm\classfile\systemDictionary.cpp, line 210]
Event: 0.222 Thread 0x0000000002fe2800 Exception <a 'java/lang/ClassNotFoundException': RootPane> (0x00000000d6068cf8) thrown at [C:\re\workspace\8-2-build-windows-amd64-cygwin\jdk8u211\12973\hotspot\src\share\vm\classfile\systemDictionary.cpp, line 210]
Event: 0.611 Thread 0x0000000019d9d800 Exception <a 'java/io/FileNotFoundException'> (0x00000000d65e8850) thrown at [C:\re\workspace\8-2-build-windows-amd64-cygwin\jdk8u211\12973\hotspot\src\share\vm\prims\jni.cpp, line 710]
Event: 0.733 Thread 0x0000000019d9d800 Exception <a 'java/io/FileNotFoundException'> (0x00000000d6630628) thrown at [C:\re\workspace\8-2-build-windows-amd64-cygwin\jdk8u211\12973\hotspot\src\share\vm\prims\jni.cpp, line 710]
Event: 0.841 Thread 0x0000000019d9d800 Exception <a 'java/io/FileNotFoundException'> (0x00000000d67011d0) thrown at [C:\re\workspace\8-2-build-windows-amd64-cygwin\jdk8u211\12973\hotspot\src\share\vm\prims\jni.cpp, line 710]
Event: 0.919 Thread 0x0000000019d9d800 Exception <a 'java/io/FileNotFoundException'> (0x00000000d676b640) thrown at [C:\re\workspace\8-2-build-windows-amd64-cygwin\jdk8u211\12973\hotspot\src\share\vm\prims\jni.cpp, line 710]

Events (10 events):
Event: 8.879 loading class javax/crypto/MacSpi
Event: 8.879 loading class javax/crypto/MacSpi done
Event: 8.881 loading class sun/security/ssl/CipherBox$1
Event: 8.881 loading class sun/security/ssl/CipherBox$1 done
Event: 8.882 loading class com/microsoft/sqlserver/jdbc/TDSCommand$1AttentionAckHandler
Event: 8.882 loading class com/microsoft/sqlserver/jdbc/TDSCommand$1AttentionAckHandler done
Event: 8.883 loading class com/microsoft/sqlserver/jdbc/AuthenticationJNI
Event: 8.883 loading class com/microsoft/sqlserver/jdbc/AuthenticationJNI done
Event: 8.884 loading class java/lang/ClassLoaderHelper
Event: 8.884 loading class java/lang/ClassLoaderHelper done


Dynamic libraries:
0x00007ff665f00000 - 0x00007ff665f37000 	C:\Program Files\Java\jdk1.8.0_211\bin\java.exe
0x00007ff8bacd0000 - 0x00007ff8baeb1000 	C:\WINDOWS\SYSTEM32\ntdll.dll
0x00007ff8b82b0000 - 0x00007ff8b8361000 	C:\WINDOWS\System32\KERNEL32.DLL
0x00007ff8b71f0000 - 0x00007ff8b7463000 	C:\WINDOWS\System32\KERNELBASE.dll
0x00007ff8ba8c0000 - 0x00007ff8ba961000 	C:\WINDOWS\System32\ADVAPI32.dll
0x00007ff8b8160000 - 0x00007ff8b81fe000 	C:\WINDOWS\System32\msvcrt.dll
0x00007ff8b8480000 - 0x00007ff8b84db000 	C:\WINDOWS\System32\sechost.dll
0x00007ff8b9a10000 - 0x00007ff8b9b34000 	C:\WINDOWS\System32\RPCRT4.dll
0x00007ff8ba2e0000 - 0x00007ff8ba470000 	C:\WINDOWS\System32\USER32.dll
0x00007ff8b7890000 - 0x00007ff8b78b0000 	C:\WINDOWS\System32\win32u.dll
0x00007ff8b9b40000 - 0x00007ff8b9b68000 	C:\WINDOWS\System32\GDI32.dll
0x00007ff8b78b0000 - 0x00007ff8b7a41000 	C:\WINDOWS\System32\gdi32full.dll
0x00007ff8b7790000 - 0x00007ff8b782f000 	C:\WINDOWS\System32\msvcp_win.dll
0x00007ff8b70a0000 - 0x00007ff8b7198000 	C:\WINDOWS\System32\ucrtbase.dll
0x00007ff8a7b70000 - 0x00007ff8a7dd9000 	C:\WINDOWS\WinSxS\amd64_microsoft.windows.common-controls_6595b64144ccf1df_6.0.17134.885_none_fb42a3473065565f\COMCTL32.dll
0x00007ff8b9d10000 - 0x00007ff8ba032000 	C:\WINDOWS\System32\combase.dll
0x00007ff8b7470000 - 0x00007ff8b74e9000 	C:\WINDOWS\System32\bcryptPrimitives.dll
0x00007ff8baba0000 - 0x00007ff8babcd000 	C:\WINDOWS\System32\IMM32.DLL
0x0000000076860000 - 0x0000000076932000 	C:\Program Files\Java\jdk1.8.0_211\jre\bin\msvcr100.dll
0x0000000075480000 - 0x0000000075d25000 	C:\Program Files\Java\jdk1.8.0_211\jre\bin\server\jvm.dll
0x00007ff8b8270000 - 0x00007ff8b8278000 	C:\WINDOWS\System32\PSAPI.DLL
0x00007ff8b13f0000 - 0x00007ff8b13fa000 	C:\WINDOWS\SYSTEM32\VERSION.dll
0x00007ff8b0e60000 - 0x00007ff8b0e83000 	C:\WINDOWS\SYSTEM32\WINMM.dll
0x00007ff8a7b10000 - 0x00007ff8a7b19000 	C:\WINDOWS\SYSTEM32\WSOCK32.dll
0x00007ff8b8200000 - 0x00007ff8b826c000 	C:\WINDOWS\System32\WS2_32.dll
0x00007ff8b0e30000 - 0x00007ff8b0e5a000 	C:\WINDOWS\SYSTEM32\winmmbase.dll
0x00007ff8b71a0000 - 0x00007ff8b71e9000 	C:\WINDOWS\System32\cfgmgr32.dll
0x00007ff891670000 - 0x00007ff89167f000 	C:\Program Files\Java\jdk1.8.0_211\jre\bin\verify.dll
0x00007ff889790000 - 0x00007ff8897b9000 	C:\Program Files\Java\jdk1.8.0_211\jre\bin\java.dll
0x00007ff88bbf0000 - 0x00007ff88bc06000 	C:\Program Files\Java\jdk1.8.0_211\jre\bin\zip.dll
0x00007ff8b85d0000 - 0x00007ff8b9a10000 	C:\WINDOWS\System32\SHELL32.dll
0x00007ff8b83d0000 - 0x00007ff8b8479000 	C:\WINDOWS\System32\shcore.dll
0x00007ff8b7a50000 - 0x00007ff8b815d000 	C:\WINDOWS\System32\windows.storage.dll
0x00007ff8ba9e0000 - 0x00007ff8baa31000 	C:\WINDOWS\System32\shlwapi.dll
0x00007ff8b7080000 - 0x00007ff8b7091000 	C:\WINDOWS\System32\kernel.appcore.dll
0x00007ff8b7060000 - 0x00007ff8b707f000 	C:\WINDOWS\System32\profapi.dll
0x00007ff8b6ff0000 - 0x00007ff8b703c000 	C:\WINDOWS\System32\powrprof.dll
0x00007ff8b6fe0000 - 0x00007ff8b6fea000 	C:\WINDOWS\System32\FLTLIB.DLL
0x00007ff87cc10000 - 0x00007ff87cda9000 	C:\Program Files\Java\jdk1.8.0_211\jre\bin\awt.dll
0x00007ff8babd0000 - 0x00007ff8bac92000 	C:\WINDOWS\System32\OLEAUT32.dll
0x00007ff8b4550000 - 0x00007ff8b45db000 	C:\WINDOWS\SYSTEM32\apphelp.dll
0x00007ff8b4650000 - 0x00007ff8b46e8000 	C:\WINDOWS\system32\uxtheme.dll
0x00007ff8ba040000 - 0x00007ff8ba1b3000 	C:\WINDOWS\System32\MSCTF.dll
0x00007ff8b4a60000 - 0x00007ff8b4a89000 	C:\WINDOWS\system32\dwmapi.dll
0x00007ff8baa40000 - 0x00007ff8bab91000 	C:\WINDOWS\System32\ole32.dll
0x00007ff87d190000 - 0x00007ff87d1d9000 	C:\Program Files\Java\jdk1.8.0_211\jre\bin\fontmanager.dll
0x00007ff87e090000 - 0x00007ff87e1b0000 	C:\WINDOWS\system32\opengl32.dll
0x00007ff8b0f50000 - 0x00007ff8b0f7c000 	C:\WINDOWS\SYSTEM32\GLU32.dll
0x00007ff8ba1c0000 - 0x00007ff8ba260000 	C:\WINDOWS\System32\clbcatq.dll
0x00007ff8aec40000 - 0x00007ff8aedee000 	C:\WINDOWS\SYSTEM32\WindowsCodecs.dll
0x00007ff884fa0000 - 0x00007ff884ff8000 	C:\WINDOWS\system32\dataexchange.dll
0x00007ff8b3160000 - 0x00007ff8b346b000 	C:\WINDOWS\system32\d3d11.dll
0x00007ff8b3e70000 - 0x00007ff8b400c000 	C:\WINDOWS\system32\dcomp.dll
0x00007ff8b5e80000 - 0x00007ff8b5f3b000 	C:\WINDOWS\system32\dxgi.dll
0x00007ff8b4c20000 - 0x00007ff8b4dd8000 	C:\WINDOWS\system32\twinapi.appcore.dll
0x00007ff8b4b40000 - 0x00007ff8b4b61000 	C:\WINDOWS\system32\RMCLIENT.dll
0x00007ff88cd80000 - 0x00007ff88cd9a000 	C:\Program Files\Java\jdk1.8.0_211\jre\bin\net.dll
0x00007ff8a4070000 - 0x00007ff8a4239000 	C:\WINDOWS\SYSTEM32\urlmon.dll
0x00007ff8a3930000 - 0x00007ff8a3bd6000 	C:\WINDOWS\SYSTEM32\iertutil.dll
0x00007ff8b6a30000 - 0x00007ff8b6a3b000 	C:\WINDOWS\SYSTEM32\CRYPTBASE.DLL
0x00007ff8b6860000 - 0x00007ff8b68c6000 	C:\WINDOWS\system32\mswsock.dll
0x00007ff88c250000 - 0x00007ff88c262000 	C:\Program Files\Java\jdk1.8.0_211\jre\bin\nio.dll
0x00007ff87d140000 - 0x00007ff87d182000 	C:\Program Files\Java\jdk1.8.0_211\jre\bin\t2k.dll
0x00007ff8a5900000 - 0x00007ff8a5996000 	C:\WINDOWS\System32\TextInputFramework.dll
0x00007ff8b4350000 - 0x00007ff8b442a000 	C:\WINDOWS\System32\CoreMessaging.dll
0x00007ff8ae7d0000 - 0x00007ff8aeaee000 	C:\WINDOWS\System32\CoreUIComponents.dll
0x00007ff8b60e0000 - 0x00007ff8b6111000 	C:\WINDOWS\SYSTEM32\ntmarta.dll
0x00007ff8b2890000 - 0x00007ff8b29dd000 	C:\WINDOWS\SYSTEM32\wintypes.dll
0x00007ff88a110000 - 0x00007ff88a13a000 	C:\Program Files\Java\jdk1.8.0_211\jre\bin\dcpr.dll
0x00007ff8b6640000 - 0x00007ff8b66fe000 	C:\WINDOWS\SYSTEM32\DNSAPI.dll
0x00007ff8ba9d0000 - 0x00007ff8ba9d8000 	C:\WINDOWS\System32\NSI.dll
0x00007ff8b65f0000 - 0x00007ff8b6628000 	C:\WINDOWS\SYSTEM32\IPHLPAPI.DLL
0x00007ff8aa8d0000 - 0x00007ff8aa8da000 	C:\Windows\System32\rasadhlp.dll
0x00007ff8aee60000 - 0x00007ff8aeed2000 	C:\WINDOWS\System32\fwpuclnt.dll
0x00007ff8b6b40000 - 0x00007ff8b6b65000 	C:\WINDOWS\SYSTEM32\bcrypt.dll
0x00007ff8a5dc0000 - 0x00007ff8a5de4000 	C:\Program Files\Java\jdk1.8.0_211\jre\bin\sunec.dll
0x00007ff8b0990000 - 0x00007ff8b09a6000 	C:\WINDOWS\SYSTEM32\dhcpcsvc6.DLL
0x00007ff8b0760000 - 0x00007ff8b077a000 	C:\WINDOWS\SYSTEM32\dhcpcsvc.DLL
0x00007ff8b6a10000 - 0x00007ff8b6a27000 	C:\WINDOWS\SYSTEM32\CRYPTSP.dll
0x00007ff8b6450000 - 0x00007ff8b6483000 	C:\WINDOWS\system32\rsaenh.dll
0x00007ff8b6f10000 - 0x00007ff8b6f38000 	C:\WINDOWS\SYSTEM32\USERENV.dll
0x00007ff8b25b0000 - 0x00007ff8b25bb000 	C:\Program Files\Java\jdk1.8.0_211\jre\bin\sunmscapi.dll
0x00007ff8b74f0000 - 0x00007ff8b76d2000 	C:\WINDOWS\System32\CRYPT32.dll
0x00007ff8b7040000 - 0x00007ff8b7052000 	C:\WINDOWS\System32\MSASN1.dll
0x00007ff88c200000 - 0x00007ff88c24b000 	G:\Expotecnica 2019\Sistema de Facturacion Electronica\sqljdbc_auth.dll
0x00007ff8a6210000 - 0x00007ff8a621c000 	C:\WINDOWS\system32\secur32.dll
0x00007ff8b6ee0000 - 0x00007ff8b6f10000 	C:\WINDOWS\SYSTEM32\SSPICLI.DLL
0x00007ff8b6920000 - 0x00007ff8b6a09000 	C:\WINDOWS\system32\kerberos.DLL
0x00007ff8b67f0000 - 0x00007ff8b6860000 	C:\WINDOWS\system32\msv1_0.DLL
0x00007ff8b67e0000 - 0x00007ff8b67ed000 	C:\WINDOWS\SYSTEM32\NtlmShared.dll
0x00007ff8b68d0000 - 0x00007ff8b68e4000 	C:\WINDOWS\SYSTEM32\cryptdll.dll
0x00007ff86e220000 - 0x00007ff86e248000 	C:\WINDOWS\system32\ntdsapi.dll
0x00007ff891590000 - 0x00007ff8915a6000 	C:\WINDOWS\system32\napinsp.dll
0x00007ff88bdf0000 - 0x00007ff88be0a000 	C:\WINDOWS\system32\pnrpnsp.dll
0x00007ff8b2ef0000 - 0x00007ff8b2f09000 	C:\WINDOWS\system32\NLAapi.dll
0x00007ff891580000 - 0x00007ff89158e000 	C:\WINDOWS\System32\winrnr.dll
0x00007ff8b15f0000 - 0x00007ff8b1605000 	C:\WINDOWS\System32\wshbth.dll
0x00007ff8b5a30000 - 0x00007ff8b5bf9000 	C:\WINDOWS\SYSTEM32\dbghelp.dll

VM Arguments:
jvm_args: -Dfile.encoding=UTF-8 
java_command: Formularios.login
java_class_path (initial): G:\Expotecnica 2019\Librerias\NefAnimacion_V2.1_jdk18.jar;C:\Program Files (x86)\NetBeans 8.2\java\modules\ext\AbsoluteLayout.jar;G:\Expotecnica 2019\Librerias\RSNotify v1.0.jar;G:\Expotecnica 2019\Librerias\RSUtilities.jar;G:\Expotecnica 2019\Librerias\commons-logging-1.2.jar;G:\Expotecnica 2019\Librerias\RSProgressBar.jar;G:\Expotecnica 2019\Librerias\RSPanelCircleBorder.jar;G:\Expotecnica 2019\Librerias\RojeruSan.full.jar;G:\Expotecnica 2019\Librerias\RojeruSan.lib.jar;G:\FACTURA ELECTRONICA\sistma 60\Librerias\rs2xml.jar;G:\Expotecnica 2019\Librerias\Atxy2k.jar;G:\Expotecnica 2019\Librerias\rs2xml.jar;G:\FACTURA ELECTRONICA\sistma 60\Librerias\Atxy2k.jar;G:\java\java\sqljdbc4.jar;G:\Expotecnica 2019\Sistema de Facturacion Electronica\build\classes
Launcher Type: SUN_STANDARD

Environment Variables:
JAVA_HOME=C:\Program Files (x86)\Java\jdk1.8.0_172
PATH=C:\Program Files (x86)\Common Files\Oracle\Java\javapath;C:\Program Files (x86)\Common Files\Intel\Shared Libraries\redist\intel64\compiler;C:\Program Files (x86)\Intel\iCLS Client\;C:\Program Files\Intel\iCLS Client\;C:\WINDOWS\system32;C:\WINDOWS;C:\WINDOWS\System32\Wbem;C:\WINDOWS\System32\WindowsPowerShell\v1.0\;C:\Program Files (x86)\Intel\Intel(R) Management Engine Components\DAL;C:\Program Files\Intel\Intel(R) Management Engine Components\DAL;C:\Program Files (x86)\Intel\Intel(R) Management Engine Components\IPT;C:\Program Files\Intel\Intel(R) Management Engine Components\IPT;C:\WINDOWS\System32\OpenSSH\;C:\Program Files\dotnet\;C:\Program Files\Microsoft SQL Server\130\Tools\Binn\;C:\Program Files\Microsoft SQL Server\Client SDK\ODBC\130\Tools\Binn\;C:\Program Files (x86)\Microsoft SQL Server\140\Tools\Binn\;C:\Program Files\Microsoft SQL Server\140\Tools\Binn\;C:\Program Files\Microsoft SQL Server\140\DTS\Binn\;C:\Program Files (x86)\Microsoft SQL Server\Client SDK\ODBC\130\Tools\Binn\;C:\Program Files (x86)\Microsoft SQL Server\140\DTS\Binn\;C:\Program Files (x86)\Microsoft SQL Server\140\Tools\Binn\ManagementStudio\;C:\Users\15-BS020LA\AppData\Local\Microsoft\WindowsApps;
USERNAME=15-BS020LA
OS=Windows_NT
PROCESSOR_IDENTIFIER=Intel64 Family 6 Model 142 Stepping 9, GenuineIntel



---------------  S Y S T E M  ---------------

OS: Windows 10.0 , 64 bit Build 17134 (10.0.17134.753)

CPU:total 4 (initial active 4) (2 cores per cpu, 2 threads per core) family 6 model 142 stepping 9, cmov, cx8, fxsr, mmx, sse, sse2, sse3, ssse3, sse4.1, sse4.2, popcnt, avx, avx2, aes, clmul, erms, 3dnowpref, lzcnt, ht, tsc, tscinvbit, bmi1, bmi2, adx

Memory: 4k page, physical 8303524k(3142016k free), swap 13022116k(6229612k free)

vm_info: Java HotSpot(TM) 64-Bit Server VM (25.211-b12) for windows-amd64 JRE (1.8.0_211-b12), built on Apr  1 2019 20:53:26 by "java_re" with MS VC++ 10.0 (VS2010)

time: Sat Aug 10 20:48:49 2019
timezone: Hora de verano central (México)
elapsed time: 9 seconds (0d 0h 0m 9s)

